{"logTime": "1202/093751", "correlationVector":"9BHpMPJnRyaOzE4+jpkqW4.120","action":"GetUpdates", "result":"DeleteReceived", "context":{"id":"e8caf877-a94e-4981-b8a9-61496b7593bd", "isDeleted:":"true", "version":"1731470338879"}}
{"logTime": "1202/093751", "correlationVector":"9BHpMPJnRyaOzE4+jpkqW4.121","action":"GetUpdates", "result":"DeleteReceived", "context":{"id":"1dbf50cd-edcd-48e6-aeff-13ed6bf82512", "isDeleted:":"true", "version":"1731474264801"}}
{"logTime": "1202/093751", "correlationVector":"9BHpMPJnRyaOzE4+jpkqW4.122","action":"GetUpdates", "result":"DeleteReceived", "context":{"id":"b4993150-c248-4afc-ab10-9bb3e1869b46", "isDeleted:":"true", "version":"1731477103686"}}
{"logTime": "1202/093751", "correlationVector":"9BHpMPJnRyaOzE4+jpkqW4.123","action":"GetUpdates", "result":"DeleteReceived", "context":{"id":"7b76d54e-303c-41c2-96d3-3a9e0771e2ae", "isDeleted:":"true", "version":"1731477103687"}}
{"logTime": "1202/093751", "correlationVector":"9BHpMPJnRyaOzE4+jpkqW4.124","action":"GetUpdates", "result":"DeleteReceived", "context":{"id":"6009c2d8-a121-47b8-a12f-08963a71a39f", "isDeleted:":"true", "version":"1731477402353"}}
{"logTime": "1202/093751", "correlationVector":"9BHpMPJnRyaOzE4+jpkqW4.125","action":"GetUpdates", "result":"DeleteReceived", "context":{"id":"7375dbe7-b9a8-41ad-83c6-bb39c8149b8e", "isDeleted:":"true", "version":"1731478968758"}}
{"logTime": "1202/093751", "correlationVector":"9BHpMPJnRyaOzE4+jpkqW4.126","action":"GetUpdates", "result":"DeleteReceived", "context":{"id":"ca6d86f7-e032-41c8-bdb6-8898c628d191", "isDeleted:":"true", "version":"1731500903484"}}
{"logTime": "1202/093751", "correlationVector":"9BHpMPJnRyaOzE4+jpkqW4.127","action":"GetUpdates", "result":"DeleteReceived", "context":{"id":"cf6cb08f-1df4-4887-b919-1f9a040eba52", "isDeleted:":"true", "version":"1731501704347"}}
{"logTime": "1202/093751", "correlationVector":"9BHpMPJnRyaOzE4+jpkqW4.128","action":"GetUpdates", "result":"DeleteReceived", "context":{"id":"90c763b3-4ae4-436f-b428-88bf6f7d5cb5", "isDeleted:":"true", "version":"1731501805122"}}
{"logTime": "1202/093751", "correlationVector":"9BHpMPJnRyaOzE4+jpkqW4.129","action":"GetUpdates", "result":"DeleteReceived", "context":{"id":"4bfe48e8-cd72-467b-9c15-21dbae7139bd", "isDeleted:":"true", "version":"1731501805126"}}
{"logTime": "1202/093751", "correlationVector":"9BHpMPJnRyaOzE4+jpkqW4.130","action":"GetUpdates", "result":"DeleteReceived", "context":{"id":"ad8d87dc-1a3e-498f-b3c7-2080fe6cf9d8", "isDeleted:":"true", "version":"1731502310764"}}
{"logTime": "1202/093751", "correlationVector":"9BHpMPJnRyaOzE4+jpkqW4.131","action":"GetUpdates", "result":"DeleteReceived", "context":{"id":"352ef75f-f928-4492-a44e-afbc0add5658", "isDeleted:":"true", "version":"1731503783069"}}
{"logTime": "1202/093751", "correlationVector":"9BHpMPJnRyaOzE4+jpkqW4.132","action":"GetUpdates", "result":"DeleteReceived", "context":{"id":"05966b5a-d48e-4c84-9dcb-e99d00ac1d6c", "isDeleted:":"true", "version":"1731506953505"}}
{"logTime": "1202/093751", "correlationVector":"9BHpMPJnRyaOzE4+jpkqW4.133","action":"GetUpdates", "result":"DeleteReceived", "context":{"id":"aa9fb5fd-0f19-4a15-beb1-2f0b1f90f51f", "isDeleted:":"true", "version":"1731507215274"}}
{"logTime": "1202/093751", "correlationVector":"9BHpMPJnRyaOzE4+jpkqW4.134","action":"GetUpdates", "result":"DeleteReceived", "context":{"id":"53506e3e-03bf-438e-9d8d-086ec4b06d10", "isDeleted:":"true", "version":"1731507215275"}}
{"logTime": "1202/093751", "correlationVector":"9BHpMPJnRyaOzE4+jpkqW4.135","action":"GetUpdates", "result":"DeleteReceived", "context":{"id":"faa338bb-ccd5-4f8e-8391-a4f5461bb3a7", "isDeleted:":"true", "version":"1731507215277"}}
{"logTime": "1202/093751", "correlationVector":"9BHpMPJnRyaOzE4+jpkqW4.136","action":"GetUpdates", "result":"DeleteReceived", "context":{"id":"5f1a47a1-ea6d-4d77-9efe-42d9c067de27", "isDeleted:":"true", "version":"1731549850999"}}
{"logTime": "1202/093751", "correlationVector":"9BHpMPJnRyaOzE4+jpkqW4.137","action":"GetUpdates", "result":"DeleteReceived", "context":{"id":"e642f3a4-6979-4332-aa01-a106b802527f", "isDeleted:":"true", "version":"1731550554782"}}
{"logTime": "1202/093751", "correlationVector":"9BHpMPJnRyaOzE4+jpkqW4.138","action":"GetUpdates", "result":"DeleteReceived", "context":{"id":"f3043b5b-24e3-4274-a3ab-231431d43cab", "isDeleted:":"true", "version":"1731567442192"}}
{"logTime": "1202/093751", "correlationVector":"9BHpMPJnRyaOzE4+jpkqW4.139","action":"GetUpdates", "result":"DeleteReceived", "context":{"id":"314b0ebb-f9d0-43b0-8749-d71fd6370795", "isDeleted:":"true", "version":"1731567442193"}}
{"logTime": "1202/093751", "correlationVector":"9BHpMPJnRyaOzE4+jpkqW4.140","action":"GetUpdates", "result":"DeleteReceived", "context":{"id":"e1cd1773-b649-4d66-b9cb-c2d0bc40eb19", "isDeleted:":"true", "version":"1731567442195"}}
{"logTime": "1202/093751", "correlationVector":"9BHpMPJnRyaOzE4+jpkqW4.141","action":"GetUpdates", "result":"DeleteReceived", "context":{"id":"d6625d29-22eb-4274-b604-a96e90bd6735", "isDeleted:":"true", "version":"1731567442196"}}
{"logTime": "1202/093751", "correlationVector":"9BHpMPJnRyaOzE4+jpkqW4.142","action":"GetUpdates", "result":"DeleteReceived", "context":{"id":"d71ddfcc-510f-40c4-a443-38cad029cf30", "isDeleted:":"true", "version":"1731567836310"}}
{"logTime": "1202/093751", "correlationVector":"9BHpMPJnRyaOzE4+jpkqW4.143","action":"GetUpdates", "result":"DeleteReceived", "context":{"id":"7fc92610-fd46-4ae3-a78c-42646102b1a8", "isDeleted:":"true", "version":"1731570676362"}}
{"logTime": "1202/093751", "correlationVector":"9BHpMPJnRyaOzE4+jpkqW4.144","action":"GetUpdates", "result":"DeleteReceived", "context":{"id":"21d1f554-00a3-4d48-9748-34a467a6de28", "isDeleted:":"true", "version":"1731573280876"}}
{"logTime": "1202/093751", "correlationVector":"9BHpMPJnRyaOzE4+jpkqW4.145","action":"GetUpdates", "result":"DeleteReceived", "context":{"id":"b1e4dc9d-8ce7-417a-a406-dee9350a8cc2", "isDeleted:":"true", "version":"1731573280879"}}
{"logTime": "1202/093751", "correlationVector":"9BHpMPJnRyaOzE4+jpkqW4.146","action":"GetUpdates", "result":"DeleteReceived", "context":{"id":"0512b5be-9f47-4306-a732-6e56d06d6d0d", "isDeleted:":"true", "version":"1731678989718"}}
{"logTime": "1202/093751", "correlationVector":"9BHpMPJnRyaOzE4+jpkqW4.147","action":"GetUpdates", "result":"DeleteReceived", "context":{"id":"8e1058c8-302a-4265-af71-f34cc603f044", "isDeleted:":"true", "version":"1731678989720"}}
{"logTime": "1202/093751", "correlationVector":"9BHpMPJnRyaOzE4+jpkqW4.148","action":"GetUpdates", "result":"DeleteReceived", "context":{"id":"86864ce8-da96-49c5-9fd9-6435d06f99aa", "isDeleted:":"true", "version":"1731678989721"}}
{"logTime": "1202/093751", "correlationVector":"9BHpMPJnRyaOzE4+jpkqW4.149","action":"GetUpdates", "result":"DeleteReceived", "context":{"id":"d0f7e81e-4b5a-4eea-9fc9-93db00cdcfb0", "isDeleted:":"true", "version":"1731678989722"}}
{"logTime": "1202/093751", "correlationVector":"9BHpMPJnRyaOzE4+jpkqW4.150","action":"GetUpdates", "result":"DeleteReceived", "context":{"id":"fafda31d-5b16-4d61-9bc6-95d9ce0d9b24", "isDeleted:":"true", "version":"1731679287511"}}
{"logTime": "1202/093751", "correlationVector":"9BHpMPJnRyaOzE4+jpkqW4.151","action":"GetUpdates", "result":"DeleteReceived", "context":{"id":"f57ab97a-9965-4a43-87ca-85310ad791a6", "isDeleted:":"true", "version":"1731679721618"}}
{"logTime": "1202/093751", "correlationVector":"9BHpMPJnRyaOzE4+jpkqW4.152","action":"GetUpdates", "result":"DeleteReceived", "context":{"id":"0a7d921b-eb17-4f04-8e98-3bb1f7f330be", "isDeleted:":"true", "version":"1731680622399"}}
{"logTime": "1202/093751", "correlationVector":"9BHpMPJnRyaOzE4+jpkqW4.153","action":"GetUpdates", "result":"DeleteReceived", "context":{"id":"89cbb310-de54-4b18-bbce-df7368852eb0", "isDeleted:":"true", "version":"1731681020468"}}
{"logTime": "1202/093751", "correlationVector":"9BHpMPJnRyaOzE4+jpkqW4.154","action":"GetUpdates", "result":"DeleteReceived", "context":{"id":"1ad11fff-f9a1-4fc4-9d3d-93d39811feb1", "isDeleted:":"true", "version":"1731682844891"}}
{"logTime": "1202/093751", "correlationVector":"9BHpMPJnRyaOzE4+jpkqW4.155","action":"GetUpdates", "result":"DeleteReceived", "context":{"id":"b60011f9-92bc-45c3-a622-7fddd4f480c7", "isDeleted:":"true", "version":"1731683630994"}}
{"logTime": "1202/093751", "correlationVector":"9BHpMPJnRyaOzE4+jpkqW4.156","action":"GetUpdates", "result":"DeleteReceived", "context":{"id":"ddf6ff44-fcb9-4022-866d-6025d00a75ca", "isDeleted:":"true", "version":"1731683949402"}}
{"logTime": "1202/093751", "correlationVector":"9BHpMPJnRyaOzE4+jpkqW4.157","action":"GetUpdates", "result":"DeleteReceived", "context":{"id":"625e22d9-a0f2-4b7e-9425-1586c5e0af8e", "isDeleted:":"true", "version":"1731684789989"}}
{"logTime": "1202/093751", "correlationVector":"9BHpMPJnRyaOzE4+jpkqW4.158","action":"GetUpdates", "result":"DeleteReceived", "context":{"id":"049dc683-3850-4f8a-ace0-a480306d4110", "isDeleted:":"true", "version":"1731684789994"}}
{"logTime": "1202/093751", "correlationVector":"9BHpMPJnRyaOzE4+jpkqW4.159","action":"GetUpdates", "result":"DeleteReceived", "context":{"id":"b4d094d6-e37f-4290-8314-539e93bc599c", "isDeleted:":"true", "version":"1731685322166"}}
{"logTime": "1202/093751", "correlationVector":"9BHpMPJnRyaOzE4+jpkqW4.160","action":"GetUpdates", "result":"DeleteReceived", "context":{"id":"e0d648e6-ddeb-4959-861d-b568c3f3142b", "isDeleted:":"true", "version":"1731686104029"}}
{"logTime": "1202/093751", "correlationVector":"9BHpMPJnRyaOzE4+jpkqW4.161","action":"GetUpdates", "result":"DeleteReceived", "context":{"id":"75176a15-53f9-4b87-bbde-33ff1bef37ce", "isDeleted:":"true", "version":"1731686148137"}}
{"logTime": "1202/093751", "correlationVector":"9BHpMPJnRyaOzE4+jpkqW4.162","action":"GetUpdates", "result":"DeleteReceived", "context":{"id":"c3371c0a-9e39-467a-858a-1a4bfac6485c", "isDeleted:":"true", "version":"1731686148143"}}
{"logTime": "1202/093751", "correlationVector":"9BHpMPJnRyaOzE4+jpkqW4.163","action":"GetUpdates", "result":"DeleteReceived", "context":{"id":"dcd4474b-ba1b-4fe0-a9f6-2c9d17aada5f", "isDeleted:":"true", "version":"1731761235371"}}
{"logTime": "1202/093751", "correlationVector":"9BHpMPJnRyaOzE4+jpkqW4.164","action":"GetUpdates", "result":"DeleteReceived", "context":{"id":"5ea22726-601b-47f0-9ef8-e29f2bc0355b", "isDeleted:":"true", "version":"1731761235372"}}
{"logTime": "1202/093751", "correlationVector":"9BHpMPJnRyaOzE4+jpkqW4.165","action":"GetUpdates", "result":"DeleteReceived", "context":{"id":"add3eea9-3b9f-47e8-a6e0-fdf03aa4696d", "isDeleted:":"true", "version":"1731761235373"}}
{"logTime": "1202/093751", "correlationVector":"9BHpMPJnRyaOzE4+jpkqW4.166","action":"GetUpdates", "result":"DeleteReceived", "context":{"id":"8e4f7a34-f769-4237-8296-037e0360928f", "isDeleted:":"true", "version":"1731761235374"}}
{"logTime": "1202/093751", "correlationVector":"9BHpMPJnRyaOzE4+jpkqW4.167","action":"GetUpdates", "result":"DeleteReceived", "context":{"id":"4d7051c9-df6a-45dd-940d-262b064314cc", "isDeleted:":"true", "version":"1731761235375"}}
{"logTime": "1202/093751", "correlationVector":"9BHpMPJnRyaOzE4+jpkqW4.168","action":"GetUpdates", "result":"DeleteReceived", "context":{"id":"4b23b5df-936e-41c2-b3e3-9e921a674559", "isDeleted:":"true", "version":"1731761833327"}}
{"logTime": "1202/093751", "correlationVector":"9BHpMPJnRyaOzE4+jpkqW4.169","action":"GetUpdates", "result":"DeleteReceived", "context":{"id":"2674386a-5f65-455b-a766-d165701ca032", "isDeleted:":"true", "version":"1731761881861"}}
{"logTime": "1202/093751", "correlationVector":"9BHpMPJnRyaOzE4+jpkqW4.170","action":"GetUpdates", "result":"DeleteReceived", "context":{"id":"b0c359fe-6be8-4667-869a-bf9bbef4d2f8", "isDeleted:":"true", "version":"1731762244384"}}
{"logTime": "1202/093751", "correlationVector":"9BHpMPJnRyaOzE4+jpkqW4.171","action":"GetUpdates", "result":"DeleteReceived", "context":{"id":"f98c9495-99df-4dc7-8fc6-876ac582d060", "isDeleted:":"true", "version":"1731762244388"}}
{"logTime": "1202/093751", "correlationVector":"9BHpMPJnRyaOzE4+jpkqW4.172","action":"GetUpdates", "result":"DeleteReceived", "context":{"id":"881456e4-5a35-4571-8a94-e5f80e5c4ff4", "isDeleted:":"true", "version":"1731762244389"}}
{"logTime": "1202/093751", "correlationVector":"9BHpMPJnRyaOzE4+jpkqW4.173","action":"GetUpdates", "result":"DeleteReceived", "context":{"id":"235572c9-898c-4b51-8d09-556328452e66", "isDeleted:":"true", "version":"1731762282293"}}
{"logTime": "1202/093751", "correlationVector":"9BHpMPJnRyaOzE4+jpkqW4.174","action":"GetUpdates", "result":"DeleteReceived", "context":{"id":"cda773cc-73a6-42b2-977a-7b7e74f11082", "isDeleted:":"true", "version":"1731762506615"}}
{"logTime": "1202/093751", "correlationVector":"9BHpMPJnRyaOzE4+jpkqW4.175","action":"GetUpdates", "result":"DeleteReceived", "context":{"id":"00fb5876-f01d-40f2-905c-2a0f410ec8d9", "isDeleted:":"true", "version":"1731763587305"}}
{"logTime": "1202/093751", "correlationVector":"9BHpMPJnRyaOzE4+jpkqW4.176","action":"GetUpdates", "result":"DeleteReceived", "context":{"id":"444c34e9-b81f-4696-96b0-13ec57b57eca", "isDeleted:":"true", "version":"1731763587306"}}
{"logTime": "1202/093751", "correlationVector":"9BHpMPJnRyaOzE4+jpkqW4.177","action":"GetUpdates", "result":"DeleteReceived", "context":{"id":"c267bf7e-837d-4cb8-abf8-12fee7d9690b", "isDeleted:":"true", "version":"1731763587309"}}
{"logTime": "1202/093751", "correlationVector":"9BHpMPJnRyaOzE4+jpkqW4.178","action":"GetUpdates", "result":"DeleteReceived", "context":{"id":"6e73c877-37b9-46f5-8a29-76729300e7f7", "isDeleted:":"true", "version":"1731763587310"}}
{"logTime": "1202/093751", "correlationVector":"9BHpMPJnRyaOzE4+jpkqW4.179","action":"GetUpdates", "result":"DeleteReceived", "context":{"id":"776b6774-93ba-4a94-92c7-dd16bb4d2f5b", "isDeleted:":"true", "version":"1731763587311"}}
{"logTime": "1202/093751", "correlationVector":"9BHpMPJnRyaOzE4+jpkqW4.180","action":"GetUpdates", "result":"DeleteReceived", "context":{"id":"c534e17a-2154-46fa-bdd8-c2ec22718f51", "isDeleted:":"true", "version":"1731763587312"}}
{"logTime": "1202/093751", "correlationVector":"9BHpMPJnRyaOzE4+jpkqW4.181","action":"GetUpdates", "result":"DeleteReceived", "context":{"id":"e03948f1-7e76-483b-8d5f-f1889b47a543", "isDeleted:":"true", "version":"1731763679954"}}
{"logTime": "1202/093751", "correlationVector":"9BHpMPJnRyaOzE4+jpkqW4.182","action":"GetUpdates", "result":"DeleteReceived", "context":{"id":"fc32a19a-a2a8-44b3-b419-321941c377d7", "isDeleted:":"true", "version":"1731764203240"}}
{"logTime": "1202/093751", "correlationVector":"9BHpMPJnRyaOzE4+jpkqW4.183","action":"GetUpdates", "result":"DeleteReceived", "context":{"id":"959bf4a9-161d-41bd-b8de-681e621c06a3", "isDeleted:":"true", "version":"1731678992908"}}
{"logTime": "1202/093751", "correlationVector":"9BHpMPJnRyaOzE4+jpkqW4.184","action":"GetUpdates", "result":"DeleteReceived", "context":{"id":"7eeb0b07-c672-4bd3-a435-8dad3f2cdabe", "isDeleted:":"true", "version":"1731678992909"}}
{"logTime": "1202/093751", "correlationVector":"9BHpMPJnRyaOzE4+jpkqW4.185","action":"GetUpdates", "result":"DeleteReceived", "context":{"id":"82fce089-e6b7-4731-ab8c-c5fe22e41deb", "isDeleted:":"true", "version":"1731678992910"}}
{"logTime": "1202/093751", "correlationVector":"9BHpMPJnRyaOzE4+jpkqW4.186","action":"GetUpdates", "result":"DeleteReceived", "context":{"id":"e864a826-db1f-4bb3-8c23-434376a8a38a", "isDeleted:":"true", "version":"1731678992911"}}
{"logTime": "1202/093751", "correlationVector":"9BHpMPJnRyaOzE4+jpkqW4.187","action":"GetUpdates", "result":"DeleteReceived", "context":{"id":"3fdb5843-8d95-4c84-a693-b7c9add80dbc", "isDeleted:":"true", "version":"1731678992912"}}
{"logTime": "1202/093751", "correlationVector":"9BHpMPJnRyaOzE4+jpkqW4.188","action":"GetUpdates", "result":"DeleteReceived", "context":{"id":"31b02e45-ef86-46d6-b7d7-ebe6f82e39e6", "isDeleted:":"true", "version":"1731678992913"}}
{"logTime": "1202/093751", "correlationVector":"9BHpMPJnRyaOzE4+jpkqW4.189","action":"GetUpdates", "result":"DeleteReceived", "context":{"id":"8b5c1f7c-8465-4861-954c-b500d234f6aa", "isDeleted:":"true", "version":"1731678992914"}}
{"logTime": "1202/093751", "correlationVector":"9BHpMPJnRyaOzE4+jpkqW4.190","action":"GetUpdates Response", "result":"Success", "context":Received 250 update(s). cV=9BHpMPJnRyaOzE4+jpkqW4.0;server=GENERAL0100001X;cloudType=Consumer;environment=Prod_EastAsia_000d;migrationStage=NotStarted Some updates remain.}
{"logTime": "1202/093751", "correlationVector":"YkX6egoJbWDruE/waf7Tdh","action":"Initial GetUpdates", "result":"", "context":Reason: NEWLY_SUPPORTED_DATATYPE. cV=YkX6egoJbWDruE/waf7Tdh}
{"logTime": "1202/093752", "correlationVector":"YkX6egoJbWDruE/waf7Tdh.1","action":"SyncServerConnectionManagerRequest", "result":"SYNC_SERVER_OK", "context":{"environment":"Prod_EastAsia_000d", "migrationStage":"NotStarted", "server":"GENERAL01000014"}}
{"logTime": "1202/093752", "correlationVector":"YkX6egoJbWDruE/waf7Tdh.2","action":"GetUpdates", "result":"DeleteReceived", "context":{"id":"0072173a-aff1-4a09-b86b-5165650b43b6", "isDeleted:":"true", "version":"1731764720166"}}
{"logTime": "1202/093752", "correlationVector":"YkX6egoJbWDruE/waf7Tdh.3","action":"GetUpdates", "result":"DeleteReceived", "context":{"id":"d795dbf7-866a-4f4e-b50c-8a9974b46b41", "isDeleted:":"true", "version":"1731764720168"}}
{"logTime": "1202/093752", "correlationVector":"YkX6egoJbWDruE/waf7Tdh.4","action":"GetUpdates", "result":"DeleteReceived", "context":{"id":"d8e2c9ad-8457-4a45-838f-8efc23f647f1", "isDeleted:":"true", "version":"1731769728729"}}
{"logTime": "1202/093752", "correlationVector":"YkX6egoJbWDruE/waf7Tdh.5","action":"GetUpdates", "result":"DeleteReceived", "context":{"id":"93a3841c-c824-46dc-a69d-5c7b4afdc90f", "isDeleted:":"true", "version":"1731769728730"}}
{"logTime": "1202/093752", "correlationVector":"YkX6egoJbWDruE/waf7Tdh.6","action":"GetUpdates", "result":"DeleteReceived", "context":{"id":"9cbd8bde-1dfb-48fe-a693-e762bd470b4c", "isDeleted:":"true", "version":"1731769728732"}}
{"logTime": "1202/093752", "correlationVector":"YkX6egoJbWDruE/waf7Tdh.7","action":"GetUpdates", "result":"DeleteReceived", "context":{"id":"ea55df81-4ee3-410e-971f-a92f4c45747d", "isDeleted:":"true", "version":"1731769728733"}}
{"logTime": "1202/093752", "correlationVector":"YkX6egoJbWDruE/waf7Tdh.8","action":"GetUpdates", "result":"DeleteReceived", "context":{"id":"2aded638-5cf2-481f-aea7-f53d59f40c99", "isDeleted:":"true", "version":"1731769728734"}}
{"logTime": "1202/093752", "correlationVector":"YkX6egoJbWDruE/waf7Tdh.9","action":"GetUpdates", "result":"DeleteReceived", "context":{"id":"a5a5c38e-37c6-44e9-8474-c6ed9dab6466", "isDeleted:":"true", "version":"1731769728736"}}
{"logTime": "1202/093752", "correlationVector":"YkX6egoJbWDruE/waf7Tdh.10","action":"GetUpdates", "result":"DeleteReceived", "context":{"id":"22452790-0920-4058-9715-bb4f8f1aef59", "isDeleted:":"true", "version":"1731828556189"}}
{"logTime": "1202/093752", "correlationVector":"YkX6egoJbWDruE/waf7Tdh.11","action":"GetUpdates Response", "result":"Success", "context":Received 250 update(s). cV=YkX6egoJbWDruE/waf7Tdh.0;server=GENERAL01000014;cloudType=Consumer;environment=Prod_EastAsia_000d;migrationStage=NotStarted Some updates remain.}
{"logTime": "1202/093752", "correlationVector":"rjJINAlsA1zxESzw1G5Us6","action":"Initial GetUpdates", "result":"", "context":Reason: NEWLY_SUPPORTED_DATATYPE. cV=rjJINAlsA1zxESzw1G5Us6}
{"logTime": "1202/093754", "correlationVector":"rjJINAlsA1zxESzw1G5Us6.1","action":"SyncServerConnectionManagerRequest", "result":"SYNC_SERVER_OK", "context":{"environment":"Prod_EastAsia_000d", "migrationStage":"NotStarted", "server":"GENERAL0300001X"}}
{"logTime": "1202/093754", "correlationVector":"rjJINAlsA1zxESzw1G5Us6.2","action":"GetUpdates", "result":"DeleteReceived", "context":{"id":"febcd770-8cc2-4f53-a8e2-b0ddbbba0f40", "isDeleted:":"true", "version":"1731841518750"}}
{"logTime": "1202/093754", "correlationVector":"rjJINAlsA1zxESzw1G5Us6.3","action":"GetUpdates", "result":"DeleteReceived", "context":{"id":"17ce38d6-7036-498f-9188-e0d1988787c7", "isDeleted:":"true", "version":"1731847378357"}}
{"logTime": "1202/093754", "correlationVector":"rjJINAlsA1zxESzw1G5Us6.4","action":"GetUpdates", "result":"DeleteReceived", "context":{"id":"a1eb51a4-be04-4d99-b387-9eaba5ffb7a7", "isDeleted:":"true", "version":"1731848257371"}}
{"logTime": "1202/093754", "correlationVector":"rjJINAlsA1zxESzw1G5Us6.5","action":"GetUpdates", "result":"DeleteReceived", "context":{"id":"2b8dbe55-4e11-4551-bbd4-6c725fb3d438", "isDeleted:":"true", "version":"1731848257373"}}
{"logTime": "1202/093754", "correlationVector":"rjJINAlsA1zxESzw1G5Us6.6","action":"GetUpdates", "result":"DeleteReceived", "context":{"id":"a1565ce7-4cc4-42c5-bba7-fdcbc3b2ffa3", "isDeleted:":"true", "version":"1731849429757"}}
{"logTime": "1202/093754", "correlationVector":"rjJINAlsA1zxESzw1G5Us6.7","action":"GetUpdates", "result":"DeleteReceived", "context":{"id":"34191d01-bdec-45d8-bd3f-76128ac39236", "isDeleted:":"true", "version":"1731849429758"}}
{"logTime": "1202/093754", "correlationVector":"rjJINAlsA1zxESzw1G5Us6.8","action":"GetUpdates", "result":"DeleteReceived", "context":{"id":"7fe13521-0da1-4479-8f97-4a1d394a83af", "isDeleted:":"true", "version":"1731851093559"}}
{"logTime": "1202/093754", "correlationVector":"rjJINAlsA1zxESzw1G5Us6.9","action":"GetUpdates", "result":"DeleteReceived", "context":{"id":"5ac6a8d3-9afe-4aec-982c-a99062695759", "isDeleted:":"true", "version":"1731851093566"}}
{"logTime": "1202/093754", "correlationVector":"rjJINAlsA1zxESzw1G5Us6.10","action":"GetUpdates", "result":"DeleteReceived", "context":{"id":"11b2f151-27e9-4250-b246-1c602fea0f62", "isDeleted:":"true", "version":"1731890130595"}}
{"logTime": "1202/093754", "correlationVector":"rjJINAlsA1zxESzw1G5Us6.11","action":"GetUpdates", "result":"DeleteReceived", "context":{"id":"d34b42e8-9aeb-4b7e-a745-3aa9f1ec8c5e", "isDeleted:":"true", "version":"1731890130596"}}
{"logTime": "1202/093754", "correlationVector":"rjJINAlsA1zxESzw1G5Us6.12","action":"GetUpdates", "result":"DeleteReceived", "context":{"id":"350151fa-67e2-4dec-90a4-6428a20f39ce", "isDeleted:":"true", "version":"1731890130598"}}
{"logTime": "1202/093754", "correlationVector":"rjJINAlsA1zxESzw1G5Us6.13","action":"GetUpdates", "result":"DeleteReceived", "context":{"id":"bdd472c4-3602-43a4-8728-64ab39497fc2", "isDeleted:":"true", "version":"1731890130600"}}
{"logTime": "1202/093754", "correlationVector":"rjJINAlsA1zxESzw1G5Us6.14","action":"GetUpdates", "result":"DeleteReceived", "context":{"id":"9406a34a-15d0-4219-8efe-0d90b33ca2fb", "isDeleted:":"true", "version":"1731890130601"}}
{"logTime": "1202/093754", "correlationVector":"rjJINAlsA1zxESzw1G5Us6.15","action":"GetUpdates", "result":"DeleteReceived", "context":{"id":"4d1b75ed-a83e-423e-a1ec-b60404e72851", "isDeleted:":"true", "version":"1731892560049"}}
{"logTime": "1202/093754", "correlationVector":"rjJINAlsA1zxESzw1G5Us6.16","action":"GetUpdates Response", "result":"Success", "context":Received 250 update(s). cV=rjJINAlsA1zxESzw1G5Us6.0;server=GENERAL0300001X;cloudType=Consumer;environment=Prod_EastAsia_000d;migrationStage=NotStarted Some updates remain.}
{"logTime": "1202/093754", "correlationVector":"m0qUyvO4W5D0Kb314DwPbf","action":"Initial GetUpdates", "result":"", "context":Reason: NEWLY_SUPPORTED_DATATYPE. cV=m0qUyvO4W5D0Kb314DwPbf}
{"logTime": "1202/093754", "correlationVector":"m0qUyvO4W5D0Kb314DwPbf.1","action":"SyncServerConnectionManagerRequest", "result":"SYNC_SERVER_OK", "context":{"environment":"Prod_EastAsia_000d", "migrationStage":"NotStarted", "server":"GENERAL0100001M"}}
{"logTime": "1202/093754", "correlationVector":"m0qUyvO4W5D0Kb314DwPbf.2","action":"GetUpdates", "result":"DeleteReceived", "context":{"id":"5ae993f2-f8bd-4221-9241-acf6cd2deb32", "isDeleted:":"true", "version":"1731892560050"}}
{"logTime": "1202/093754", "correlationVector":"m0qUyvO4W5D0Kb314DwPbf.3","action":"GetUpdates", "result":"DeleteReceived", "context":{"id":"806d6fb8-a391-4494-a710-3114d8db1613", "isDeleted:":"true", "version":"1731892560051"}}
{"logTime": "1202/093754", "correlationVector":"m0qUyvO4W5D0Kb314DwPbf.4","action":"GetUpdates", "result":"DeleteReceived", "context":{"id":"f4c8e084-8d4d-467d-94ea-83c52b242873", "isDeleted:":"true", "version":"1731892560052"}}
{"logTime": "1202/093754", "correlationVector":"m0qUyvO4W5D0Kb314DwPbf.5","action":"GetUpdates", "result":"DeleteReceived", "context":{"id":"867f225d-56f7-4053-9fef-168fa2fd5e35", "isDeleted:":"true", "version":"1731892560053"}}
{"logTime": "1202/093754", "correlationVector":"m0qUyvO4W5D0Kb314DwPbf.6","action":"GetUpdates", "result":"DeleteReceived", "context":{"id":"84f48411-cbba-412a-983e-9090bd60f7db", "isDeleted:":"true", "version":"1731892560055"}}
{"logTime": "1202/093754", "correlationVector":"m0qUyvO4W5D0Kb314DwPbf.7","action":"GetUpdates", "result":"DeleteReceived", "context":{"id":"f4451b0b-e4ae-49e4-9ba5-e2c6e9a87d66", "isDeleted:":"true", "version":"1731895278855"}}
{"logTime": "1202/093754", "correlationVector":"m0qUyvO4W5D0Kb314DwPbf.8","action":"GetUpdates", "result":"DeleteReceived", "context":{"id":"33787b5b-3ae3-4f13-a352-2d7fc0cc6426", "isDeleted:":"true", "version":"1731896001084"}}
{"logTime": "1202/093754", "correlationVector":"m0qUyvO4W5D0Kb314DwPbf.9","action":"GetUpdates", "result":"DeleteReceived", "context":{"id":"e8651e42-755c-426a-82c7-e28223038de3", "isDeleted:":"true", "version":"1731897993802"}}
{"logTime": "1202/093754", "correlationVector":"m0qUyvO4W5D0Kb314DwPbf.10","action":"GetUpdates", "result":"DeleteReceived", "context":{"id":"46fe5acb-1596-42cc-a44c-1441ec426dec", "isDeleted:":"true", "version":"1731897993803"}}
{"logTime": "1202/093754", "correlationVector":"m0qUyvO4W5D0Kb314DwPbf.11","action":"GetUpdates", "result":"DeleteReceived", "context":{"id":"64fefe8a-3b2e-41a9-beba-2611f112f0f0", "isDeleted:":"true", "version":"1731897993804"}}
{"logTime": "1202/093754", "correlationVector":"m0qUyvO4W5D0Kb314DwPbf.12","action":"GetUpdates", "result":"DeleteReceived", "context":{"id":"c9d42253-95c2-4e38-92e6-fcab2bd0a460", "isDeleted:":"true", "version":"1731897993805"}}
{"logTime": "1202/093754", "correlationVector":"m0qUyvO4W5D0Kb314DwPbf.13","action":"GetUpdates", "result":"DeleteReceived", "context":{"id":"7feef721-4466-40ad-bc1a-52052ff44aa7", "isDeleted:":"true", "version":"1731897993806"}}
{"logTime": "1202/093754", "correlationVector":"m0qUyvO4W5D0Kb314DwPbf.14","action":"GetUpdates", "result":"DeleteReceived", "context":{"id":"840eacd1-65ef-4cac-9df0-a651048b92be", "isDeleted:":"true", "version":"1731898114900"}}
{"logTime": "1202/093754", "correlationVector":"m0qUyvO4W5D0Kb314DwPbf.15","action":"GetUpdates", "result":"DeleteReceived", "context":{"id":"e13b61a1-43c9-4834-a269-dcf386c36093", "isDeleted:":"true", "version":"1731901153265"}}
{"logTime": "1202/093754", "correlationVector":"m0qUyvO4W5D0Kb314DwPbf.16","action":"GetUpdates", "result":"DeleteReceived", "context":{"id":"156276da-2baf-4553-aa61-25abfc665224", "isDeleted:":"true", "version":"1731904241115"}}
{"logTime": "1202/093754", "correlationVector":"m0qUyvO4W5D0Kb314DwPbf.17","action":"GetUpdates", "result":"DeleteReceived", "context":{"id":"468b1a9e-8349-425e-86e0-958beb9753b4", "isDeleted:":"true", "version":"1731906496248"}}
{"logTime": "1202/093754", "correlationVector":"m0qUyvO4W5D0Kb314DwPbf.18","action":"GetUpdates", "result":"DeleteReceived", "context":{"id":"ec7365b1-08fc-4fbd-8be7-769dab1a660c", "isDeleted:":"true", "version":"1731906551832"}}
{"logTime": "1202/093754", "correlationVector":"m0qUyvO4W5D0Kb314DwPbf.19","action":"GetUpdates", "result":"DeleteReceived", "context":{"id":"655987db-6643-4e8e-abe1-25aee16b0272", "isDeleted:":"true", "version":"1731907123609"}}
{"logTime": "1202/093754", "correlationVector":"m0qUyvO4W5D0Kb314DwPbf.20","action":"GetUpdates", "result":"DeleteReceived", "context":{"id":"9eb1ea8a-744c-4aa5-b3b8-674bc56446fc", "isDeleted:":"true", "version":"1731907634498"}}
{"logTime": "1202/093754", "correlationVector":"m0qUyvO4W5D0Kb314DwPbf.21","action":"GetUpdates", "result":"DeleteReceived", "context":{"id":"1a50c5aa-108f-4b85-bf06-133085bf9399", "isDeleted:":"true", "version":"1731907634499"}}
{"logTime": "1202/093754", "correlationVector":"m0qUyvO4W5D0Kb314DwPbf.22","action":"GetUpdates", "result":"DeleteReceived", "context":{"id":"c1818643-737c-48b0-b81a-e45dcd2e8fc3", "isDeleted:":"true", "version":"1731907634500"}}
{"logTime": "1202/093754", "correlationVector":"m0qUyvO4W5D0Kb314DwPbf.23","action":"GetUpdates", "result":"DeleteReceived", "context":{"id":"e2bc766f-36f3-4aae-a3f3-86b9469eb118", "isDeleted:":"true", "version":"1731907634502"}}
{"logTime": "1202/093754", "correlationVector":"m0qUyvO4W5D0Kb314DwPbf.24","action":"GetUpdates", "result":"DeleteReceived", "context":{"id":"b49f03ba-3fac-4e60-9ee0-aef87a648891", "isDeleted:":"true", "version":"1731907634503"}}
{"logTime": "1202/093754", "correlationVector":"m0qUyvO4W5D0Kb314DwPbf.25","action":"GetUpdates", "result":"DeleteReceived", "context":{"id":"24fc9082-5eed-44dc-b4a7-a368e0768e38", "isDeleted:":"true", "version":"1731907634505"}}
{"logTime": "1202/093754", "correlationVector":"m0qUyvO4W5D0Kb314DwPbf.26","action":"GetUpdates", "result":"DeleteReceived", "context":{"id":"dd3fb23c-1907-46fa-9ca7-9741aba61b8a", "isDeleted:":"true", "version":"1731907634506"}}
{"logTime": "1202/093754", "correlationVector":"m0qUyvO4W5D0Kb314DwPbf.27","action":"GetUpdates", "result":"DeleteReceived", "context":{"id":"5d61b2d8-d066-4043-a8d5-6ef9891b4286", "isDeleted:":"true", "version":"1731907634508"}}
{"logTime": "1202/093754", "correlationVector":"m0qUyvO4W5D0Kb314DwPbf.28","action":"GetUpdates", "result":"DeleteReceived", "context":{"id":"00a300b3-593a-4f39-970a-0bec20cd47cb", "isDeleted:":"true", "version":"1731907634510"}}
{"logTime": "1202/093754", "correlationVector":"m0qUyvO4W5D0Kb314DwPbf.29","action":"GetUpdates", "result":"DeleteReceived", "context":{"id":"d7fa7740-8577-47d1-8e31-90faab3ef91d", "isDeleted:":"true", "version":"1731907634511"}}
{"logTime": "1202/093754", "correlationVector":"m0qUyvO4W5D0Kb314DwPbf.30","action":"GetUpdates", "result":"DeleteReceived", "context":{"id":"e24a1d6c-f897-4dab-83c2-ba0875f51b61", "isDeleted:":"true", "version":"1731907882020"}}
{"logTime": "1202/093754", "correlationVector":"m0qUyvO4W5D0Kb314DwPbf.31","action":"GetUpdates", "result":"DeleteReceived", "context":{"id":"1cbb9236-f43f-4dbe-9d9a-9f3a87f08314", "isDeleted:":"true", "version":"1731908278947"}}
{"logTime": "1202/093754", "correlationVector":"m0qUyvO4W5D0Kb314DwPbf.32","action":"GetUpdates", "result":"DeleteReceived", "context":{"id":"c8a68961-0aa7-4c72-acde-9e9d16532748", "isDeleted:":"true", "version":"1731908278950"}}
{"logTime": "1202/093754", "correlationVector":"m0qUyvO4W5D0Kb314DwPbf.33","action":"GetUpdates", "result":"DeleteReceived", "context":{"id":"d30f9383-d2e1-4d35-9832-b5c1752bb883", "isDeleted:":"true", "version":"1731912243416"}}
{"logTime": "1202/093754", "correlationVector":"m0qUyvO4W5D0Kb314DwPbf.34","action":"GetUpdates", "result":"DeleteReceived", "context":{"id":"078d8039-2bf3-4c26-8d7e-1f0a18fb985a", "isDeleted:":"true", "version":"1731912243417"}}
{"logTime": "1202/093754", "correlationVector":"m0qUyvO4W5D0Kb314DwPbf.35","action":"GetUpdates", "result":"DeleteReceived", "context":{"id":"f7776468-fb42-461f-8ec3-d698e5e39662", "isDeleted:":"true", "version":"1731912243418"}}
{"logTime": "1202/093754", "correlationVector":"m0qUyvO4W5D0Kb314DwPbf.36","action":"GetUpdates", "result":"DeleteReceived", "context":{"id":"7aed5b16-19e0-4d25-b7fc-91948b9fbcff", "isDeleted:":"true", "version":"1731915958986"}}
{"logTime": "1202/093754", "correlationVector":"m0qUyvO4W5D0Kb314DwPbf.37","action":"GetUpdates", "result":"DeleteReceived", "context":{"id":"198ddcb6-c5c8-44f2-a907-e4999498f81c", "isDeleted:":"true", "version":"1731915958987"}}
{"logTime": "1202/093754", "correlationVector":"m0qUyvO4W5D0Kb314DwPbf.38","action":"GetUpdates", "result":"DeleteReceived", "context":{"id":"778f5d86-588d-4786-90ab-c5cdf9419e57", "isDeleted:":"true", "version":"1731916546741"}}
{"logTime": "1202/093754", "correlationVector":"m0qUyvO4W5D0Kb314DwPbf.39","action":"GetUpdates", "result":"DeleteReceived", "context":{"id":"7e75ba3b-29fc-4e7c-8fbb-1eb563127e52", "isDeleted:":"true", "version":"1731916546742"}}
{"logTime": "1202/093754", "correlationVector":"m0qUyvO4W5D0Kb314DwPbf.40","action":"GetUpdates", "result":"DeleteReceived", "context":{"id":"8a172a4c-c8a8-4049-bb0e-2a44db0897c9", "isDeleted:":"true", "version":"1731916546744"}}
{"logTime": "1202/093754", "correlationVector":"m0qUyvO4W5D0Kb314DwPbf.41","action":"GetUpdates", "result":"DeleteReceived", "context":{"id":"9c86cd02-2dcc-4a07-ac04-091a43ebd911", "isDeleted:":"true", "version":"1731916546745"}}
{"logTime": "1202/093754", "correlationVector":"m0qUyvO4W5D0Kb314DwPbf.42","action":"GetUpdates", "result":"DeleteReceived", "context":{"id":"9e803247-1614-4732-a97e-b878ffdc107c", "isDeleted:":"true", "version":"1731916714175"}}
{"logTime": "1202/093754", "correlationVector":"m0qUyvO4W5D0Kb314DwPbf.43","action":"GetUpdates", "result":"DeleteReceived", "context":{"id":"9bdf99e1-6a3c-4833-8a89-79f8a2913a68", "isDeleted:":"true", "version":"1731918932944"}}
{"logTime": "1202/093754", "correlationVector":"m0qUyvO4W5D0Kb314DwPbf.44","action":"GetUpdates", "result":"DeleteReceived", "context":{"id":"198cb22d-1aa8-4c8d-a8c5-f93a32d44e0c", "isDeleted:":"true", "version":"1731918932945"}}
{"logTime": "1202/093754", "correlationVector":"m0qUyvO4W5D0Kb314DwPbf.45","action":"GetUpdates", "result":"DeleteReceived", "context":{"id":"8e00f7c0-a556-468b-a27d-3770fedf63ea", "isDeleted:":"true", "version":"1731927168508"}}
{"logTime": "1202/093754", "correlationVector":"m0qUyvO4W5D0Kb314DwPbf.46","action":"GetUpdates", "result":"DeleteReceived", "context":{"id":"36f44852-3554-47f5-96a8-7b1adc837713", "isDeleted:":"true", "version":"1731928448079"}}
{"logTime": "1202/093754", "correlationVector":"m0qUyvO4W5D0Kb314DwPbf.47","action":"GetUpdates", "result":"DeleteReceived", "context":{"id":"d7e0be46-397d-4bc9-91c7-f3a0ed0f4add", "isDeleted:":"true", "version":"1731935163362"}}
{"logTime": "1202/093754", "correlationVector":"m0qUyvO4W5D0Kb314DwPbf.48","action":"GetUpdates", "result":"DeleteReceived", "context":{"id":"6b5d751d-1c9e-4533-826a-f4a570ea8458", "isDeleted:":"true", "version":"1731935644560"}}
{"logTime": "1202/093754", "correlationVector":"m0qUyvO4W5D0Kb314DwPbf.49","action":"GetUpdates", "result":"DeleteReceived", "context":{"id":"15099ba9-397d-4c83-ab76-52eac2af1f58", "isDeleted:":"true", "version":"1731974283420"}}
{"logTime": "1202/093754", "correlationVector":"m0qUyvO4W5D0Kb314DwPbf.50","action":"GetUpdates", "result":"DeleteReceived", "context":{"id":"a684bfe8-cce4-4774-a288-dcb223718a21", "isDeleted:":"true", "version":"1731974422976"}}
{"logTime": "1202/093754", "correlationVector":"m0qUyvO4W5D0Kb314DwPbf.51","action":"GetUpdates", "result":"DeleteReceived", "context":{"id":"85a988c2-4f65-4d68-bd2b-e63e086cc115", "isDeleted:":"true", "version":"1731974422977"}}
{"logTime": "1202/093754", "correlationVector":"m0qUyvO4W5D0Kb314DwPbf.52","action":"GetUpdates", "result":"DeleteReceived", "context":{"id":"139cfe6a-ce41-4091-a71e-d271bdd7d6f0", "isDeleted:":"true", "version":"1731975779788"}}
{"logTime": "1202/093754", "correlationVector":"m0qUyvO4W5D0Kb314DwPbf.53","action":"GetUpdates", "result":"DeleteReceived", "context":{"id":"a9ee8f6d-53e9-4a48-9ff6-7c3d35573351", "isDeleted:":"true", "version":"1731977570335"}}
{"logTime": "1202/093754", "correlationVector":"m0qUyvO4W5D0Kb314DwPbf.54","action":"GetUpdates", "result":"DeleteReceived", "context":{"id":"50e3497b-053c-4305-9bd5-9c877a43dd4e", "isDeleted:":"true", "version":"1731977570338"}}
{"logTime": "1202/093754", "correlationVector":"m0qUyvO4W5D0Kb314DwPbf.55","action":"GetUpdates", "result":"DeleteReceived", "context":{"id":"8f47a8ca-f35b-40ba-9ff8-8cab0fa674cb", "isDeleted:":"true", "version":"1731981574723"}}
{"logTime": "1202/093754", "correlationVector":"m0qUyvO4W5D0Kb314DwPbf.56","action":"GetUpdates", "result":"DeleteReceived", "context":{"id":"d66017ee-cdb4-413c-9377-17c5b072e829", "isDeleted:":"true", "version":"1731981574724"}}
{"logTime": "1202/093754", "correlationVector":"m0qUyvO4W5D0Kb314DwPbf.57","action":"GetUpdates", "result":"DeleteReceived", "context":{"id":"fab5a59c-e6ce-4d4a-aa41-278aa910cef9", "isDeleted:":"true", "version":"1731995413908"}}
{"logTime": "1202/093754", "correlationVector":"m0qUyvO4W5D0Kb314DwPbf.58","action":"GetUpdates", "result":"DeleteReceived", "context":{"id":"fded2024-687e-496f-a3d9-5a46486949e5", "isDeleted:":"true", "version":"1731998187697"}}
{"logTime": "1202/093754", "correlationVector":"m0qUyvO4W5D0Kb314DwPbf.59","action":"GetUpdates", "result":"DeleteReceived", "context":{"id":"89a7b554-93c7-4d73-93c8-c2614bff08d8", "isDeleted:":"true", "version":"1731998187700"}}
{"logTime": "1202/093754", "correlationVector":"m0qUyvO4W5D0Kb314DwPbf.60","action":"GetUpdates", "result":"DeleteReceived", "context":{"id":"731769ef-794b-4f8b-b7f0-c890f61c2dbb", "isDeleted:":"true", "version":"1732003164413"}}
{"logTime": "1202/093754", "correlationVector":"m0qUyvO4W5D0Kb314DwPbf.61","action":"GetUpdates", "result":"DeleteReceived", "context":{"id":"b984eecd-27e4-4872-8e71-62b803ba4573", "isDeleted:":"true", "version":"1732003777127"}}
{"logTime": "1202/093754", "correlationVector":"m0qUyvO4W5D0Kb314DwPbf.62","action":"GetUpdates", "result":"DeleteReceived", "context":{"id":"00e8f7ab-5648-4dc5-ad3e-5d83dc436ee7", "isDeleted:":"true", "version":"1732003777128"}}
{"logTime": "1202/093754", "correlationVector":"m0qUyvO4W5D0Kb314DwPbf.63","action":"GetUpdates", "result":"DeleteReceived", "context":{"id":"76c89c75-909a-417a-9092-847143c1b447", "isDeleted:":"true", "version":"1732003833691"}}
{"logTime": "1202/093754", "correlationVector":"m0qUyvO4W5D0Kb314DwPbf.64","action":"GetUpdates", "result":"DeleteReceived", "context":{"id":"6d1e2f8a-9733-413e-ac3e-0cd2643ae72a", "isDeleted:":"true", "version":"1732004151354"}}
{"logTime": "1202/093754", "correlationVector":"m0qUyvO4W5D0Kb314DwPbf.65","action":"GetUpdates", "result":"DeleteReceived", "context":{"id":"848f6025-d018-4913-81e6-c359f5915890", "isDeleted:":"true", "version":"1732005412391"}}
{"logTime": "1202/093754", "correlationVector":"m0qUyvO4W5D0Kb314DwPbf.66","action":"GetUpdates", "result":"DeleteReceived", "context":{"id":"b3e47652-af37-43c9-b22f-ca645a6d0b10", "isDeleted:":"true", "version":"1732006304378"}}
{"logTime": "1202/093754", "correlationVector":"m0qUyvO4W5D0Kb314DwPbf.67","action":"GetUpdates", "result":"DeleteReceived", "context":{"id":"5d72547c-ca8f-4043-b631-7cb818f893e5", "isDeleted:":"true", "version":"1732006304379"}}
{"logTime": "1202/093754", "correlationVector":"m0qUyvO4W5D0Kb314DwPbf.68","action":"GetUpdates", "result":"DeleteReceived", "context":{"id":"ab349b9b-660e-45b9-845a-4226d925f24e", "isDeleted:":"true", "version":"1732006304380"}}
{"logTime": "1202/093754", "correlationVector":"m0qUyvO4W5D0Kb314DwPbf.69","action":"GetUpdates", "result":"DeleteReceived", "context":{"id":"496ecefa-d70f-4f48-a3a4-241cd1177aad", "isDeleted:":"true", "version":"1732006304381"}}
{"logTime": "1202/093754", "correlationVector":"m0qUyvO4W5D0Kb314DwPbf.70","action":"GetUpdates", "result":"DeleteReceived", "context":{"id":"85521809-ef0b-4071-b258-d8be87fea3da", "isDeleted:":"true", "version":"1732006304383"}}
{"logTime": "1202/093754", "correlationVector":"m0qUyvO4W5D0Kb314DwPbf.71","action":"GetUpdates", "result":"DeleteReceived", "context":{"id":"81d528c8-7e7a-4d77-a402-eead6b939f7c", "isDeleted:":"true", "version":"1732006304384"}}
{"logTime": "1202/093754", "correlationVector":"m0qUyvO4W5D0Kb314DwPbf.72","action":"GetUpdates", "result":"DeleteReceived", "context":{"id":"dc71b5ef-1db8-45e4-92d4-1a06fbdebde1", "isDeleted:":"true", "version":"1732006304387"}}
{"logTime": "1202/093754", "correlationVector":"m0qUyvO4W5D0Kb314DwPbf.73","action":"GetUpdates", "result":"DeleteReceived", "context":{"id":"7a2cebb6-f727-4cc9-94b6-a128cca0adb8", "isDeleted:":"true", "version":"1732006304388"}}
{"logTime": "1202/093754", "correlationVector":"m0qUyvO4W5D0Kb314DwPbf.74","action":"GetUpdates", "result":"DeleteReceived", "context":{"id":"e84a6425-75fa-4fb7-870b-6fd1b23eb731", "isDeleted:":"true", "version":"1732006304389"}}
{"logTime": "1202/093754", "correlationVector":"m0qUyvO4W5D0Kb314DwPbf.75","action":"GetUpdates", "result":"DeleteReceived", "context":{"id":"02e942ca-51e0-4367-b018-9d09cb52d7fa", "isDeleted:":"true", "version":"1732006304390"}}
{"logTime": "1202/093754", "correlationVector":"m0qUyvO4W5D0Kb314DwPbf.76","action":"GetUpdates", "result":"DeleteReceived", "context":{"id":"52cacb3d-db47-4f51-801d-e1f6678b4644", "isDeleted:":"true", "version":"1732006929054"}}
{"logTime": "1202/093754", "correlationVector":"m0qUyvO4W5D0Kb314DwPbf.77","action":"GetUpdates", "result":"DeleteReceived", "context":{"id":"aeed6d2f-dd22-42a7-98fd-d5adf14d6289", "isDeleted:":"true", "version":"1732006929055"}}
{"logTime": "1202/093754", "correlationVector":"m0qUyvO4W5D0Kb314DwPbf.78","action":"GetUpdates", "result":"DeleteReceived", "context":{"id":"05894229-180b-4caa-98f9-2641e84d205f", "isDeleted:":"true", "version":"1732006929056"}}
{"logTime": "1202/093754", "correlationVector":"m0qUyvO4W5D0Kb314DwPbf.79","action":"GetUpdates", "result":"DeleteReceived", "context":{"id":"a4406ae4-0d55-45a0-aee6-9243e31429ed", "isDeleted:":"true", "version":"1732007299972"}}
{"logTime": "1202/093754", "correlationVector":"m0qUyvO4W5D0Kb314DwPbf.80","action":"GetUpdates", "result":"DeleteReceived", "context":{"id":"a590b946-cf79-4909-8707-b0d002e3d26c", "isDeleted:":"true", "version":"1732007299973"}}
{"logTime": "1202/093754", "correlationVector":"m0qUyvO4W5D0Kb314DwPbf.81","action":"GetUpdates", "result":"DeleteReceived", "context":{"id":"dbe8382d-ffbd-473f-b2b3-fa8eb9a4e971", "isDeleted:":"true", "version":"1732007299976"}}
{"logTime": "1202/093754", "correlationVector":"m0qUyvO4W5D0Kb314DwPbf.82","action":"GetUpdates", "result":"DeleteReceived", "context":{"id":"7197556a-d592-474b-930f-84df0008ca19", "isDeleted:":"true", "version":"1732007299977"}}
{"logTime": "1202/093754", "correlationVector":"m0qUyvO4W5D0Kb314DwPbf.83","action":"GetUpdates", "result":"DeleteReceived", "context":{"id":"c5bb78f9-74fa-4ba2-b9ec-82f4d4614901", "isDeleted:":"true", "version":"1732007589171"}}
{"logTime": "1202/093754", "correlationVector":"m0qUyvO4W5D0Kb314DwPbf.84","action":"GetUpdates", "result":"DeleteReceived", "context":{"id":"9319001b-7d4e-4f92-a5d1-722ce95f1822", "isDeleted:":"true", "version":"1732009694297"}}
{"logTime": "1202/093754", "correlationVector":"m0qUyvO4W5D0Kb314DwPbf.85","action":"GetUpdates", "result":"DeleteReceived", "context":{"id":"fb8a92a2-1f27-41ef-99c6-e263183740c1", "isDeleted:":"true", "version":"1732009694298"}}
{"logTime": "1202/093754", "correlationVector":"m0qUyvO4W5D0Kb314DwPbf.86","action":"GetUpdates", "result":"DeleteReceived", "context":{"id":"0555088c-9925-454e-84f1-ae86de2fbdb3", "isDeleted:":"true", "version":"1732009694300"}}
{"logTime": "1202/093754", "correlationVector":"m0qUyvO4W5D0Kb314DwPbf.87","action":"GetUpdates", "result":"DeleteReceived", "context":{"id":"0969fb16-e266-4b6b-87b2-8922776408da", "isDeleted:":"true", "version":"1732009694303"}}
{"logTime": "1202/093754", "correlationVector":"m0qUyvO4W5D0Kb314DwPbf.88","action":"GetUpdates", "result":"DeleteReceived", "context":{"id":"6116d8db-33e0-4a3b-9c68-0d3734ed229d", "isDeleted:":"true", "version":"1732009694304"}}
{"logTime": "1202/093754", "correlationVector":"m0qUyvO4W5D0Kb314DwPbf.89","action":"GetUpdates", "result":"DeleteReceived", "context":{"id":"f56ba084-002d-4f46-9869-08bbaf8ad3ab", "isDeleted:":"true", "version":"1732009694306"}}
{"logTime": "1202/093754", "correlationVector":"m0qUyvO4W5D0Kb314DwPbf.90","action":"GetUpdates", "result":"DeleteReceived", "context":{"id":"0c65aefd-84ce-45ae-84fc-849ad8484eb9", "isDeleted:":"true", "version":"1732011824751"}}
{"logTime": "1202/093754", "correlationVector":"m0qUyvO4W5D0Kb314DwPbf.91","action":"GetUpdates", "result":"DeleteReceived", "context":{"id":"394cf927-ad83-4073-a610-18f6bd8f974a", "isDeleted:":"true", "version":"1732017163396"}}
{"logTime": "1202/093754", "correlationVector":"m0qUyvO4W5D0Kb314DwPbf.92","action":"GetUpdates", "result":"DeleteReceived", "context":{"id":"e616f2e6-24c0-48da-bde4-013526d8412e", "isDeleted:":"true", "version":"1732024835323"}}
{"logTime": "1202/093754", "correlationVector":"m0qUyvO4W5D0Kb314DwPbf.93","action":"GetUpdates", "result":"DeleteReceived", "context":{"id":"ce9a865b-3cd1-4e01-ae89-760907403fe8", "isDeleted:":"true", "version":"1732028552448"}}
{"logTime": "1202/093754", "correlationVector":"m0qUyvO4W5D0Kb314DwPbf.94","action":"GetUpdates", "result":"DeleteReceived", "context":{"id":"81c5d66b-0116-4564-8406-2f2cf347d6f6", "isDeleted:":"true", "version":"1732028552449"}}
{"logTime": "1202/093754", "correlationVector":"m0qUyvO4W5D0Kb314DwPbf.95","action":"GetUpdates", "result":"DeleteReceived", "context":{"id":"33cf4a34-9e5a-4ab0-903f-8368c361f745", "isDeleted:":"true", "version":"1732062229099"}}
{"logTime": "1202/093754", "correlationVector":"m0qUyvO4W5D0Kb314DwPbf.96","action":"GetUpdates", "result":"DeleteReceived", "context":{"id":"b3a35adb-aa99-4456-b144-0f4d71d58bdd", "isDeleted:":"true", "version":"1732075328875"}}
{"logTime": "1202/093754", "correlationVector":"m0qUyvO4W5D0Kb314DwPbf.97","action":"GetUpdates", "result":"DeleteReceived", "context":{"id":"23a7115e-9b00-45fd-9234-dd9026b7bb03", "isDeleted:":"true", "version":"1732089483236"}}
{"logTime": "1202/093754", "correlationVector":"m0qUyvO4W5D0Kb314DwPbf.98","action":"GetUpdates", "result":"DeleteReceived", "context":{"id":"07d263d9-53ca-4f5b-96b0-f996ed802ced", "isDeleted:":"true", "version":"1732089483239"}}
{"logTime": "1202/093754", "correlationVector":"m0qUyvO4W5D0Kb314DwPbf.99","action":"GetUpdates", "result":"DeleteReceived", "context":{"id":"9098bea7-c1eb-4db3-8d9d-db91c3d9f51c", "isDeleted:":"true", "version":"1732089483240"}}
{"logTime": "1202/093754", "correlationVector":"m0qUyvO4W5D0Kb314DwPbf.100","action":"GetUpdates", "result":"DeleteReceived", "context":{"id":"c5efdbb7-51c2-4541-8659-67638b48131a", "isDeleted:":"true", "version":"1732107963840"}}
{"logTime": "1202/093754", "correlationVector":"m0qUyvO4W5D0Kb314DwPbf.101","action":"GetUpdates", "result":"DeleteReceived", "context":{"id":"9dac11fa-0550-4bd9-aee2-5814fc10e30c", "isDeleted:":"true", "version":"1732107963841"}}
{"logTime": "1202/093754", "correlationVector":"m0qUyvO4W5D0Kb314DwPbf.102","action":"GetUpdates", "result":"DeleteReceived", "context":{"id":"6616d9ae-76a4-4b65-b199-d7a5b32cbbe1", "isDeleted:":"true", "version":"1732109337801"}}
{"logTime": "1202/093754", "correlationVector":"m0qUyvO4W5D0Kb314DwPbf.103","action":"GetUpdates", "result":"DeleteReceived", "context":{"id":"cd024466-fec6-483f-8726-b961928fed6d", "isDeleted:":"true", "version":"1732109337802"}}
{"logTime": "1202/093754", "correlationVector":"m0qUyvO4W5D0Kb314DwPbf.104","action":"GetUpdates", "result":"DeleteReceived", "context":{"id":"3aa66b86-578a-456e-9a4e-a1b36d0fde51", "isDeleted:":"true", "version":"1732109337804"}}
{"logTime": "1202/093754", "correlationVector":"m0qUyvO4W5D0Kb314DwPbf.105","action":"GetUpdates", "result":"DeleteReceived", "context":{"id":"132a9d1b-0990-49ef-bac8-b52ac53ddf8c", "isDeleted:":"true", "version":"1732109337805"}}
{"logTime": "1202/093754", "correlationVector":"m0qUyvO4W5D0Kb314DwPbf.106","action":"GetUpdates", "result":"DeleteReceived", "context":{"id":"a8be4c57-c747-4d0f-abbf-812442177f6f", "isDeleted:":"true", "version":"1732111651783"}}
{"logTime": "1202/093754", "correlationVector":"m0qUyvO4W5D0Kb314DwPbf.107","action":"GetUpdates", "result":"DeleteReceived", "context":{"id":"49489d36-a5dd-4b63-b271-12f7b9854f0d", "isDeleted:":"true", "version":"1732111651787"}}
{"logTime": "1202/093754", "correlationVector":"m0qUyvO4W5D0Kb314DwPbf.108","action":"GetUpdates", "result":"DeleteReceived", "context":{"id":"55587b8d-e9f7-49b3-96ef-c068e54408a9", "isDeleted:":"true", "version":"1732111651788"}}
{"logTime": "1202/093754", "correlationVector":"m0qUyvO4W5D0Kb314DwPbf.109","action":"GetUpdates", "result":"DeleteReceived", "context":{"id":"444cca98-c79c-4d48-8ad1-48ca5ca300f8", "isDeleted:":"true", "version":"1732494952048"}}
{"logTime": "1202/093754", "correlationVector":"m0qUyvO4W5D0Kb314DwPbf.110","action":"GetUpdates", "result":"DeleteReceived", "context":{"id":"88b7c84a-ee49-42a2-8371-999b7db85a8e", "isDeleted:":"true", "version":"1732494952049"}}
{"logTime": "1202/093754", "correlationVector":"m0qUyvO4W5D0Kb314DwPbf.111","action":"GetUpdates", "result":"DeleteReceived", "context":{"id":"6b8986c6-8fe2-43b5-aaad-aed38942fd21", "isDeleted:":"true", "version":"1732497547169"}}
{"logTime": "1202/093754", "correlationVector":"m0qUyvO4W5D0Kb314DwPbf.112","action":"GetUpdates", "result":"DeleteReceived", "context":{"id":"78be0dda-e720-425d-a941-12db292a0e9a", "isDeleted:":"true", "version":"1732497547172"}}
{"logTime": "1202/093754", "correlationVector":"m0qUyvO4W5D0Kb314DwPbf.113","action":"GetUpdates", "result":"DeleteReceived", "context":{"id":"64e78e11-a303-422d-b7cd-81346c156eba", "isDeleted:":"true", "version":"1732843574504"}}
{"logTime": "1202/093754", "correlationVector":"m0qUyvO4W5D0Kb314DwPbf.114","action":"GetUpdates", "result":"DeleteReceived", "context":{"id":"75532326-e940-48e6-9438-ab1aefda9ef9", "isDeleted:":"true", "version":"1732847023650"}}
{"logTime": "1202/093754", "correlationVector":"m0qUyvO4W5D0Kb314DwPbf.115","action":"GetUpdates", "result":"DeleteReceived", "context":{"id":"a78ab970-d9d0-48ac-887d-619f31631c75", "isDeleted:":"true", "version":"1732854245555"}}
{"logTime": "1202/093754", "correlationVector":"m0qUyvO4W5D0Kb314DwPbf.116","action":"GetUpdates", "result":"DeleteReceived", "context":{"id":"f3ce719d-00f7-4d29-85d1-a59bb9767358", "isDeleted:":"true", "version":"1732858377594"}}
{"logTime": "1202/093754", "correlationVector":"m0qUyvO4W5D0Kb314DwPbf.117","action":"GetUpdates", "result":"DeleteReceived", "context":{"id":"9a1f233f-1d4d-4a82-91ef-e9393903804b", "isDeleted:":"true", "version":"1732863379273"}}
{"logTime": "1202/093754", "correlationVector":"m0qUyvO4W5D0Kb314DwPbf.118","action":"GetUpdates", "result":"DeleteReceived", "context":{"id":"531c04f7-aba8-4dad-afa2-383b0f8c2ead", "isDeleted:":"true", "version":"1732863379277"}}
{"logTime": "1202/093754", "correlationVector":"m0qUyvO4W5D0Kb314DwPbf.119","action":"GetUpdates", "result":"DeleteReceived", "context":{"id":"1c0b454d-0e53-4825-a809-c6aa03c805a7", "isDeleted:":"true", "version":"1732863379278"}}
{"logTime": "1202/093754", "correlationVector":"m0qUyvO4W5D0Kb314DwPbf.120","action":"GetUpdates", "result":"DeleteReceived", "context":{"id":"ba6c78e4-1687-4679-9928-a6540cda0c69", "isDeleted:":"true", "version":"1732875764079"}}
{"logTime": "1202/093754", "correlationVector":"m0qUyvO4W5D0Kb314DwPbf.121","action":"GetUpdates", "result":"DeleteReceived", "context":{"id":"284da95c-5e33-455b-935d-41caaaa42ddb", "isDeleted:":"true", "version":"1733027224735"}}
{"logTime": "1202/093754", "correlationVector":"m0qUyvO4W5D0Kb314DwPbf.122","action":"GetUpdates", "result":"DeleteReceived", "context":{"id":"a5ff5477-c766-49be-b1e4-89ba873c96f5", "isDeleted:":"true", "version":"1733027396172"}}
{"logTime": "1202/093754", "correlationVector":"m0qUyvO4W5D0Kb314DwPbf.123","action":"GetUpdates", "result":"DeleteReceived", "context":{"id":"0c251438-88e3-48a0-9c5d-ca438edc98f2", "isDeleted:":"true", "version":"1733027611722"}}
{"logTime": "1202/093754", "correlationVector":"m0qUyvO4W5D0Kb314DwPbf.124","action":"GetUpdates", "result":"DeleteReceived", "context":{"id":"479f8b91-baeb-4405-9adf-d1295fda5020", "isDeleted:":"true", "version":"1733027869052"}}
{"logTime": "1202/093754", "correlationVector":"m0qUyvO4W5D0Kb314DwPbf.125","action":"GetUpdates", "result":"DeleteReceived", "context":{"id":"a1bca67e-d7c0-4e6d-a8b7-a5f0098f6af5", "isDeleted:":"true", "version":"1733028290427"}}
{"logTime": "1202/093754", "correlationVector":"m0qUyvO4W5D0Kb314DwPbf.126","action":"GetUpdates", "result":"DeleteReceived", "context":{"id":"c3764a91-6bf5-4e9d-a993-785be0eea16b", "isDeleted:":"true", "version":"1733028290428"}}
{"logTime": "1202/093754", "correlationVector":"m0qUyvO4W5D0Kb314DwPbf.127","action":"GetUpdates", "result":"DeleteReceived", "context":{"id":"c7f04114-90e4-493d-b187-d917e93e9896", "isDeleted:":"true", "version":"1733028290429"}}
{"logTime": "1202/093754", "correlationVector":"m0qUyvO4W5D0Kb314DwPbf.128","action":"GetUpdates", "result":"DeleteReceived", "context":{"id":"a8c5774f-9037-4f6a-8721-aa6b346a18d8", "isDeleted:":"true", "version":"1733028290430"}}
{"logTime": "1202/093754", "correlationVector":"m0qUyvO4W5D0Kb314DwPbf.129","action":"GetUpdates", "result":"DeleteReceived", "context":{"id":"e9f16f9b-5b5a-425c-87cd-d3071c3987b1", "isDeleted:":"true", "version":"1733030350140"}}
{"logTime": "1202/093754", "correlationVector":"m0qUyvO4W5D0Kb314DwPbf.130","action":"GetUpdates", "result":"DeleteReceived", "context":{"id":"10f1c4f2-ab59-4a44-b307-4a6555907c5b", "isDeleted:":"true", "version":"1733030569861"}}
{"logTime": "1202/093754", "correlationVector":"m0qUyvO4W5D0Kb314DwPbf.131","action":"GetUpdates", "result":"DeleteReceived", "context":{"id":"ac63b8c0-7692-4d35-ae94-74e2966e0ca2", "isDeleted:":"true", "version":"1733099492044"}}
{"logTime": "1202/093754", "correlationVector":"m0qUyvO4W5D0Kb314DwPbf.132","action":"GetUpdates", "result":"DeleteReceived", "context":{"id":"3ea859e3-25e5-4ecf-b59f-e29b8fb480f9", "isDeleted:":"true", "version":"1733099492045"}}
{"logTime": "1202/093754", "correlationVector":"m0qUyvO4W5D0Kb314DwPbf.133","action":"GetUpdates", "result":"DeleteReceived", "context":{"id":"301956cf-ae45-4071-8a00-d3b630681f98", "isDeleted:":"true", "version":"1733100757261"}}
{"logTime": "1202/093754", "correlationVector":"m0qUyvO4W5D0Kb314DwPbf.134","action":"GetUpdates", "result":"DeleteReceived", "context":{"id":"71b3d900-3df1-45b6-b179-5fb99db7a167", "isDeleted:":"true", "version":"1733100757267"}}
{"logTime": "1202/093754", "correlationVector":"m0qUyvO4W5D0Kb314DwPbf.135","action":"GetUpdates", "result":"DeleteReceived", "context":{"id":"84a528f7-cb19-4ca2-8996-b45c5b62263e", "isDeleted:":"true", "version":"1733101525034"}}
{"logTime": "1202/093754", "correlationVector":"m0qUyvO4W5D0Kb314DwPbf.136","action":"GetUpdates", "result":"DeleteReceived", "context":{"id":"bbdacb07-dca4-4aa7-b70f-c3710514e49d", "isDeleted:":"true", "version":"1733101538254"}}
{"logTime": "1202/093754", "correlationVector":"m0qUyvO4W5D0Kb314DwPbf.137","action":"GetUpdates", "result":"DeleteReceived", "context":{"id":"9c287213-7292-4041-8e05-1751a3627c71", "isDeleted:":"true", "version":"1733101712321"}}
{"logTime": "1202/093754", "correlationVector":"m0qUyvO4W5D0Kb314DwPbf.138","action":"GetUpdates", "result":"DeleteReceived", "context":{"id":"cc548c78-4869-4119-865b-86645c3f6823", "isDeleted:":"true", "version":"1733101712323"}}
{"logTime": "1202/093754", "correlationVector":"m0qUyvO4W5D0Kb314DwPbf.139","action":"GetUpdates", "result":"DeleteReceived", "context":{"id":"6b2713ac-4cf0-435e-a8df-47eaad34bd66", "isDeleted:":"true", "version":"1733102541793"}}
{"logTime": "1202/093754", "correlationVector":"m0qUyvO4W5D0Kb314DwPbf.140","action":"GetUpdates", "result":"DeleteReceived", "context":{"id":"f12fc942-e6c6-40b5-a9b3-4726697204c4", "isDeleted:":"true", "version":"1733104183670"}}
{"logTime": "1202/093754", "correlationVector":"m0qUyvO4W5D0Kb314DwPbf.141","action":"GetUpdates", "result":"DeleteReceived", "context":{"id":"516dfdc6-41ad-4ab4-8aab-d06b34a193ab", "isDeleted:":"true", "version":"1733104183672"}}
{"logTime": "1202/093754", "correlationVector":"m0qUyvO4W5D0Kb314DwPbf.142","action":"GetUpdates", "result":"DeleteReceived", "context":{"id":"34c9d410-cd95-4f4c-bdfd-7331f276d697", "isDeleted:":"true", "version":"1733104183673"}}
{"logTime": "1202/093754", "correlationVector":"m0qUyvO4W5D0Kb314DwPbf.143","action":"GetUpdates", "result":"DeleteReceived", "context":{"id":"08ae8334-c87d-41c5-a00d-8a1efe05c2a7", "isDeleted:":"true", "version":"1733104183674"}}
{"logTime": "1202/093754", "correlationVector":"m0qUyvO4W5D0Kb314DwPbf.144","action":"GetUpdates", "result":"DeleteReceived", "context":{"id":"213b4e64-0ade-4aef-9e80-4a0650a148dd", "isDeleted:":"true", "version":"1733104183677"}}
{"logTime": "1202/093754", "correlationVector":"m0qUyvO4W5D0Kb314DwPbf.145","action":"GetUpdates", "result":"DeleteReceived", "context":{"id":"bd8a2ac3-5ec1-40b4-9730-34f86bb6ccd6", "isDeleted:":"true", "version":"1733104183678"}}
{"logTime": "1202/093754", "correlationVector":"m0qUyvO4W5D0Kb314DwPbf.146","action":"GetUpdates", "result":"DeleteReceived", "context":{"id":"6440ef57-0369-4688-b490-93f5285b694c", "isDeleted:":"true", "version":"1733104183680"}}
{"logTime": "1202/093754", "correlationVector":"m0qUyvO4W5D0Kb314DwPbf.147","action":"GetUpdates Response", "result":"Success", "context":Received 225 update(s). cV=m0qUyvO4W5D0Kb314DwPbf.0;server=GENERAL0100001M;cloudType=Consumer;environment=Prod_EastAsia_000d;migrationStage=NotStarted}
{"logTime": "1202/093754", "correlationVector":"4jDYDkCcZdY9jGeblo9cEN","action":"Normal GetUpdate request", "result":"", "context":cV=4jDYDkCcZdY9jGeblo9cEN
Nudged types: Bookmarks, Sessions, Device Info, User Consents
Refresh requested types: Bookmarks, Preferences, Passwords, Autofill Profiles, Autofill, Typed URLs, Extensions, Sessions, Extension settings, History Delete Directives, Device Info, User Consents, Send Tab To Self, Web Apps, Collection, Edge E Drop, Edge Hub App Usage, Edge Tab Group, Edge Wallet, Encryption Keys}
{"logTime": "1202/093755", "correlationVector":"4jDYDkCcZdY9jGeblo9cEN.1","action":"SyncServerConnectionManagerRequest", "result":"SYNC_SERVER_OK", "context":{"environment":"Prod_EastAsia_000d", "migrationStage":"NotStarted", "server":"GENERAL0100001Z"}}
{"logTime": "1202/093755", "correlationVector":"4jDYDkCcZdY9jGeblo9cEN.2","action":"GetUpdates Response", "result":"Success", "context":Received 0 update(s). cV=4jDYDkCcZdY9jGeblo9cEN.0;server=GENERAL0100001Z;cloudType=Consumer;environment=Prod_EastAsia_000d;migrationStage=NotStarted}
{"logTime": "1202/093755", "correlationVector":"SHSjvRDiF6u8rQ2R2Cy0TD","action":"Commit Request", "result":"", "context":Item count: 34
Contributing types: Bookmarks, Typed URLs, Sessions, Device Info, User Consents}
{"logTime": "1202/093759", "correlationVector":"SHSjvRDiF6u8rQ2R2Cy0TD.1","action":"SyncServerConnectionManagerRequest", "result":"SYNC_SERVER_OK", "context":{"environment":"Prod_EastAsia_000d", "migrationStage":"NotStarted", "server":"GENERAL0300001Q"}}
{"logTime": "1202/093759", "correlationVector":"SHSjvRDiF6u8rQ2R2Cy0TD.2","action":"Commit Response", "result":"Success", "context":Result: Success. cV=SHSjvRDiF6u8rQ2R2Cy0TD.0;server=GENERAL0300001Q;cloudType=Consumer;environment=Prod_EastAsia_000d;migrationStage=NotStarted}
{"logTime": "1202/093824", "correlationVector":"FMe4ApuVkUM+mTPXm3PqQA","action":"Commit Request", "result":"", "context":Item count: 40
Contributing types: Passwords}
{"logTime": "1202/093828", "correlationVector":"FMe4ApuVkUM+mTPXm3PqQA.1","action":"SyncServerConnectionManagerRequest", "result":"SYNC_SERVER_OK", "context":{"environment":"Prod_EastAsia_000d", "migrationStage":"NotStarted", "server":"GENERAL0100002A"}}
{"logTime": "1202/093828", "correlationVector":"FMe4ApuVkUM+mTPXm3PqQA.2","action":"Commit Response", "result":"Success", "context":Result: Success. cV=FMe4ApuVkUM+mTPXm3PqQA.0;server=GENERAL0100002A;cloudType=Consumer;environment=Prod_EastAsia_000d;migrationStage=NotStarted}
{"logTime": "1202/093828", "correlationVector":"azm6bSIl5YxpY6kftIIgbJ","action":"Commit Request", "result":"", "context":Item count: 40
Contributing types: Passwords}
{"logTime": "1202/093830", "correlationVector":"azm6bSIl5YxpY6kftIIgbJ.1","action":"SyncServerConnectionManagerRequest", "result":"SYNC_SERVER_OK", "context":{"environment":"Prod_EastAsia_000d", "migrationStage":"NotStarted", "server":"GENERAL0100001S"}}
{"logTime": "1202/093830", "correlationVector":"azm6bSIl5YxpY6kftIIgbJ.2","action":"Commit Response", "result":"Success", "context":Result: Success. cV=azm6bSIl5YxpY6kftIIgbJ.0;server=GENERAL0100001S;cloudType=Consumer;environment=Prod_EastAsia_000d;migrationStage=NotStarted}
{"logTime": "1202/093830", "correlationVector":"/UBOCpmJv4lP6PqwoPh+Ak","action":"Commit Request", "result":"", "context":Item count: 11
Contributing types: Preferences, Passwords}
{"logTime": "1202/093832", "correlationVector":"/UBOCpmJv4lP6PqwoPh+Ak.1","action":"SyncServerConnectionManagerRequest", "result":"SYNC_SERVER_OK", "context":{"environment":"Prod_EastAsia_000d", "migrationStage":"NotStarted", "server":"GENERAL0100001Q"}}
{"logTime": "1202/093832", "correlationVector":"/UBOCpmJv4lP6PqwoPh+Ak.2","action":"Commit Response", "result":"Success", "context":Result: Success. cV=/UBOCpmJv4lP6PqwoPh+Ak.0;server=GENERAL0100001Q;cloudType=Consumer;environment=Prod_EastAsia_000d;migrationStage=NotStarted}
{"logTime": "1203/062740", "correlationVector":"C1uSxq97z+SU62uduyF38Y.1","action":"SyncServerConnectionManagerRequest", "result":"SYNC_SERVER_OK", "context":{"environment":"Prod_EastAsia_000d", "migrationStage":"NotStarted", "server":"GENERAL0100000F"}}
{"logTime": "1203/062741", "correlationVector":"OI92HSl2Na3+u7AmCZPsij","action":"SyncServerConnectionManagerRequest", "result":"SYNC_SERVER_OK", "context":{"environment":"", "migrationStage":"", "server":""}}
{"logTime": "1203/062742", "correlationVector":"C1uSxq97z+SU62uduyF38Y","action":"Initial GetUpdates", "result":"", "context":Reason: NEW_CLIENT. cV=C1uSxq97z+SU62uduyF38Y}
{"logTime": "1203/062742", "correlationVector":"C1uSxq97z+SU62uduyF38Y.2","action":"GetUpdates Response", "result":"Success", "context":Received 1 update(s). cV=C1uSxq97z+SU62uduyF38Y.0;server=GENERAL0100000F;cloudType=Consumer;environment=Prod_EastAsia_000d;migrationStage=NotStarted}
{"logTime": "1203/062742", "correlationVector":"DsDjcyNZz8/SGkBG8ooyuQ","action":"Initial GetUpdates", "result":"", "context":Reason: NEWLY_SUPPORTED_DATATYPE. cV=DsDjcyNZz8/SGkBG8ooyuQ}
{"logTime": "1203/062743", "correlationVector":"DsDjcyNZz8/SGkBG8ooyuQ.1","action":"SyncServerConnectionManagerRequest", "result":"SYNC_SERVER_OK", "context":{"environment":"Prod_EastAsia_000d", "migrationStage":"NotStarted", "server":"GENERAL01000013"}}
{"logTime": "1203/062743", "correlationVector":"DsDjcyNZz8/SGkBG8ooyuQ.2","action":"GetUpdates", "result":"DeleteReceived", "context":{"id":"c56dd67d-3de0-4856-999d-8c18dbb934e3", "isDeleted:":"true", "version":"1703221888771"}}
{"logTime": "1203/062743", "correlationVector":"DsDjcyNZz8/SGkBG8ooyuQ.3","action":"GetUpdates", "result":"DeleteReceived", "context":{"id":"21241eb5-1cf0-42de-9a77-7caec6b5f025", "isDeleted:":"true", "version":"1703221890061"}}
{"logTime": "1203/062743", "correlationVector":"DsDjcyNZz8/SGkBG8ooyuQ.4","action":"GetUpdates", "result":"DeleteReceived", "context":{"id":"3f637266-f718-473f-a55f-1bb8a0977ec2", "isDeleted:":"true", "version":"1703221892920"}}
{"logTime": "1203/062743", "correlationVector":"DsDjcyNZz8/SGkBG8ooyuQ.5","action":"GetUpdates", "result":"DeleteReceived", "context":{"id":"c537ccf3-10b7-4108-a142-dca2460324af", "isDeleted:":"true", "version":"1704332814873"}}
{"logTime": "1203/062743", "correlationVector":"DsDjcyNZz8/SGkBG8ooyuQ.6","action":"GetUpdates Response", "result":"Success", "context":Received 160 update(s). cV=DsDjcyNZz8/SGkBG8ooyuQ.0;server=GENERAL01000013;cloudType=Consumer;environment=Prod_EastAsia_000d;migrationStage=NotStarted}
{"logTime": "1203/062744", "correlationVector":"8GdUKLbFZgL6oEmrvszSUE","action":"Normal GetUpdate request", "result":"", "context":cV=8GdUKLbFZgL6oEmrvszSUE
Nudged types: Sessions, Device Info
Refresh requested types: Bookmarks, Preferences, Passwords, Autofill Profiles, Autofill, Typed URLs, Extensions, Sessions, Extension settings, History Delete Directives, Device Info, User Consents, Send Tab To Self, Web Apps, Collection, Edge E Drop, Edge Hub App Usage, Edge Tab Group, Edge Wallet, Encryption Keys}
{"logTime": "1203/062746", "correlationVector":"8GdUKLbFZgL6oEmrvszSUE.1","action":"SyncServerConnectionManagerRequest", "result":"SYNC_SERVER_OK", "context":{"environment":"Prod_EastAsia_000d", "migrationStage":"NotStarted", "server":"GENERAL0100001N"}}
{"logTime": "1203/062746", "correlationVector":"8GdUKLbFZgL6oEmrvszSUE.2","action":"GetUpdates", "result":"DeleteReceived", "context":{"id":"3635d79f-e325-4747-ad6c-0f226d8aa3a8", "isDeleted:":"true", "version":"1733188972165"}}
{"logTime": "1203/062746", "correlationVector":"8GdUKLbFZgL6oEmrvszSUE.3","action":"GetUpdates", "result":"DeleteReceived", "context":{"id":"729c3063-6800-45b2-8ad9-fc43f930376d", "isDeleted:":"true", "version":"1733188972169"}}
{"logTime": "1203/062746", "correlationVector":"8GdUKLbFZgL6oEmrvszSUE.4","action":"GetUpdates", "result":"DeleteReceived", "context":{"id":"6fad84ca-7046-4eaf-a593-8cc40ed45716", "isDeleted:":"true", "version":"1733188972170"}}
{"logTime": "1203/062746", "correlationVector":"8GdUKLbFZgL6oEmrvszSUE.5","action":"GetUpdates", "result":"DeleteReceived", "context":{"id":"70b0b9d4-3906-43f3-b074-6f740ab307a2", "isDeleted:":"true", "version":"1733188972171"}}
{"logTime": "1203/062746", "correlationVector":"8GdUKLbFZgL6oEmrvszSUE.6","action":"GetUpdates", "result":"DeleteReceived", "context":{"id":"8d98db01-cb49-4878-bdf1-5aebc0e8576d", "isDeleted:":"true", "version":"1733189022050"}}
{"logTime": "1203/062746", "correlationVector":"8GdUKLbFZgL6oEmrvszSUE.7","action":"GetUpdates", "result":"DeleteReceived", "context":{"id":"7205eecc-5fc7-410c-84e6-fb6dc435b596", "isDeleted:":"true", "version":"1733189083096"}}
{"logTime": "1203/062746", "correlationVector":"8GdUKLbFZgL6oEmrvszSUE.8","action":"GetUpdates", "result":"DeleteReceived", "context":{"id":"3cb2b90b-c653-41f0-88c9-ce6ee15b2c49", "isDeleted:":"true", "version":"1733189083969"}}
{"logTime": "1203/062746", "correlationVector":"8GdUKLbFZgL6oEmrvszSUE.9","action":"GetUpdates Response", "result":"Success", "context":Received 45 update(s). cV=8GdUKLbFZgL6oEmrvszSUE.0;server=GENERAL0100001N;cloudType=Consumer;environment=Prod_EastAsia_000d;migrationStage=NotStarted}
{"logTime": "1203/062746", "correlationVector":"U7D2sKW6WVxtEL6R4meU3j","action":"DoCompareDataConsistency requsted types: ", "result":"Bookmarks, Preferences, Passwords, Typed URLs, Extensions, Extension settings, History Delete Directives, Send Tab To Self, Web Apps, Collection, Edge E Drop, Edge Tab Group, Edge Wallet, Encryption Keys"}
{"logTime": "1203/062746", "correlationVector":"U7D2sKW6WVxtEL6R4meU3j.0","action":"CompareDataConsistency result: ", "result":"Compare result: Encryption Keys is consistent. local entities count is: 1 local entities hash is: MgNQ8hPSn1fF7jy394YSTCY8yBw="}
{"logTime": "1203/062746", "correlationVector":"U7D2sKW6WVxtEL6R4meU3j.1","action":"CompareDataConsistency result: ", "result":"Compare result: Bookmarks is consistent. local entities count is: 164 local entities hash is: a62Lzu6qE30DtEEFEU/m7ZIF99k="}
{"logTime": "1203/062746", "correlationVector":"U7D2sKW6WVxtEL6R4meU3j.2","action":"CompareDataConsistency result: ", "result":"Compare result: Preferences is consistent. local entities count is: 83 local entities hash is: aAFVq6PVlEpTCAyZPyhxU9HzjO0="}
{"logTime": "1203/062746", "correlationVector":"U7D2sKW6WVxtEL6R4meU3j.3","action":"CompareDataConsistency result: ", "result":"Server did not send this Typed URLs local entities count is: 171 local entities hash is: tyJWuU0FDORz4YAmihOWk2PJHZI="}
{"logTime": "1203/062746", "correlationVector":"U7D2sKW6WVxtEL6R4meU3j.4","action":"CompareDataConsistency result: ", "result":"Compare result: Extensions is consistent. local entities count is: 9 local entities hash is: OoYTLV0B1OWSh/CGkjOb4BXj9Gk="}
{"logTime": "1203/062746", "correlationVector":"U7D2sKW6WVxtEL6R4meU3j.5","action":"CompareDataConsistency result: ", "result":"Compare result: Extension settings is consistent. local entities count is: 2 local entities hash is: rAGQ29iyNsY0k8scJSDBFTZTA6U="}
{"logTime": "1203/062746", "correlationVector":"U7D2sKW6WVxtEL6R4meU3j.6","action":"CompareDataConsistency result: ", "result":"Compare result: History Delete Directives is consistent. local entities count is: 0 local entities hash is: "}
{"logTime": "1203/062746", "correlationVector":"U7D2sKW6WVxtEL6R4meU3j.7","action":"CompareDataConsistency result: ", "result":"Server did not send this Send Tab To Self local entities count is: 0 local entities hash is: "}
{"logTime": "1203/062746", "correlationVector":"U7D2sKW6WVxtEL6R4meU3j.8","action":"CompareDataConsistency result: ", "result":"Compare result: Web Apps is consistent. local entities count is: 0 local entities hash is: "}
{"logTime": "1203/062746", "correlationVector":"U7D2sKW6WVxtEL6R4meU3j.9","action":"CompareDataConsistency result: ", "result":"Compare result: Collection is consistent. local entities count is: 0 local entities hash is: "}
{"logTime": "1203/062746", "correlationVector":"U7D2sKW6WVxtEL6R4meU3j.10","action":"CompareDataConsistency result: ", "result":"Compare result: Edge E Drop is consistent. local entities count is: 0 local entities hash is: "}
{"logTime": "1203/062746", "correlationVector":"U7D2sKW6WVxtEL6R4meU3j.11","action":"CompareDataConsistency result: ", "result":"Compare result: Edge Tab Group is consistent. local entities count is: 0 local entities hash is: "}
{"logTime": "1203/062746", "correlationVector":"U7D2sKW6WVxtEL6R4meU3j.12","action":"CompareDataConsistency result: ", "result":"Compare result: Edge Wallet is consistent. local entities count is: 0 local entities hash is: "}
{"logTime": "1203/062746", "correlationVector":"U7D2sKW6WVxtEL6R4meU3j.13","action":"CompareDataConsistency result: ", "result":"Compare result: Passwords is consistent. local entities count is: 156 local entities hash is: VikCo8MyNia5yCV+ZmFe1baxxJo="}
{"logTime": "1203/062746", "correlationVector":"w9sey+VAFrckNzc91qOU3p","action":"Commit Request", "result":"", "context":Item count: 4
Contributing types: Sessions, Device Info}
{"logTime": "1203/062747", "correlationVector":"w9sey+VAFrckNzc91qOU3p.1","action":"SyncServerConnectionManagerRequest", "result":"SYNC_SERVER_OK", "context":{"environment":"Prod_EastAsia_000d", "migrationStage":"NotStarted", "server":"GENERAL0100001I"}}
{"logTime": "1203/062747", "correlationVector":"w9sey+VAFrckNzc91qOU3p.2","action":"Commit Response", "result":"Success", "context":Result: Success. cV=w9sey+VAFrckNzc91qOU3p.0;server=GENERAL0100001I;cloudType=Consumer;environment=Prod_EastAsia_000d;migrationStage=NotStarted}
{"logTime": "1203/062747", "correlationVector":"","action":"DIAGNOSTIC_REQUEST|v1/diagnosticData/Diagnostic.SendCheckResult()|SUCCESS", "result":""}
{"logTime": "1203/062747", "correlationVector":"3KwFxDyoB5aRiP97uM8p/n","action":"Commit Request", "result":"", "context":Item count: 1
Contributing types: Sessions}
{"logTime": "1203/062748", "correlationVector":"3KwFxDyoB5aRiP97uM8p/n.1","action":"SyncServerConnectionManagerRequest", "result":"SYNC_SERVER_OK", "context":{"environment":"Prod_EastAsia_000d", "migrationStage":"NotStarted", "server":"GENERAL01000013"}}
{"logTime": "1203/062748", "correlationVector":"3KwFxDyoB5aRiP97uM8p/n.2","action":"Commit Response", "result":"Success", "context":Result: Success. cV=3KwFxDyoB5aRiP97uM8p/n.0;server=GENERAL01000013;cloudType=Consumer;environment=Prod_EastAsia_000d;migrationStage=NotStarted}
{"logTime": "1203/062748", "correlationVector":"nsg4Wy1jAiJPoNbJ0YAw2G","action":"Poll GetUpdate request", "result":"", "context":cV=nsg4Wy1jAiJPoNbJ0YAw2G}
{"logTime": "1203/062749", "correlationVector":"nsg4Wy1jAiJPoNbJ0YAw2G.1","action":"SyncServerConnectionManagerRequest", "result":"SYNC_SERVER_OK", "context":{"environment":"Prod_EastAsia_000d", "migrationStage":"NotStarted", "server":"GENERAL0100001Z"}}
{"logTime": "1203/062749", "correlationVector":"nsg4Wy1jAiJPoNbJ0YAw2G.2","action":"GetUpdates Response", "result":"Success", "context":Received 4 update(s). cV=nsg4Wy1jAiJPoNbJ0YAw2G.0;server=GENERAL0100001Z;cloudType=Consumer;environment=Prod_EastAsia_000d;migrationStage=NotStarted}
{"logTime": "1203/062819", "correlationVector":"CQiL+1DDvyt3MbKIuuMSvg","action":"Commit Request", "result":"", "context":Item count: 2
Contributing types: Sessions}
{"logTime": "1203/062819", "correlationVector":"CQiL+1DDvyt3MbKIuuMSvg.1","action":"SyncServerConnectionManagerRequest", "result":"SYNC_SERVER_OK", "context":{"environment":"Prod_EastAsia_000d", "migrationStage":"NotStarted", "server":"GENERAL0100001Q"}}
{"logTime": "1203/062819", "correlationVector":"CQiL+1DDvyt3MbKIuuMSvg.2","action":"Commit Response", "result":"Success", "context":Result: Success. cV=CQiL+1DDvyt3MbKIuuMSvg.0;server=GENERAL0100001Q;cloudType=Consumer;environment=Prod_EastAsia_000d;migrationStage=NotStarted}
{"logTime": "1203/062834", "correlationVector":"T+p6RxK2jFsCTpUYe+IqJQ","action":"Commit Request", "result":"", "context":Item count: 1
Contributing types: Preferences}
{"logTime": "1203/062835", "correlationVector":"T+p6RxK2jFsCTpUYe+IqJQ.1","action":"SyncServerConnectionManagerRequest", "result":"SYNC_SERVER_OK", "context":{"environment":"Prod_EastAsia_000d", "migrationStage":"NotStarted", "server":"GENERAL01000013"}}
{"logTime": "1203/062835", "correlationVector":"T+p6RxK2jFsCTpUYe+IqJQ.2","action":"Commit Response", "result":"Success", "context":Result: Success. cV=T+p6RxK2jFsCTpUYe+IqJQ.0;server=GENERAL01000013;cloudType=Consumer;environment=Prod_EastAsia_000d;migrationStage=NotStarted}
{"logTime": "1203/063019", "correlationVector":"vCFKBLoe1hiF40VGZPjMHx","action":"Commit Request", "result":"", "context":Item count: 2
Contributing types: Sessions}
{"logTime": "1203/063021", "correlationVector":"vCFKBLoe1hiF40VGZPjMHx.1","action":"SyncServerConnectionManagerRequest", "result":"SYNC_SERVER_OK", "context":{"environment":"Prod_EastAsia_000d", "migrationStage":"NotStarted", "server":"GENERAL01000012"}}
{"logTime": "1203/063021", "correlationVector":"vCFKBLoe1hiF40VGZPjMHx.2","action":"Commit Response", "result":"Success", "context":Result: Success. cV=vCFKBLoe1hiF40VGZPjMHx.0;server=GENERAL01000012;cloudType=Consumer;environment=Prod_EastAsia_000d;migrationStage=NotStarted}
{"logTime": "1203/063100", "correlationVector":"fLwtC6X/c8hEncgUU3tTXK","action":"Commit Request", "result":"", "context":Item count: 1
Contributing types: Sessions}
{"logTime": "1203/063101", "correlationVector":"fLwtC6X/c8hEncgUU3tTXK.1","action":"SyncServerConnectionManagerRequest", "result":"SYNC_SERVER_OK", "context":{"environment":"Prod_EastAsia_000d", "migrationStage":"NotStarted", "server":"GENERAL0100000F"}}
{"logTime": "1203/063101", "correlationVector":"fLwtC6X/c8hEncgUU3tTXK.2","action":"Commit Response", "result":"Success", "context":Result: Success. cV=fLwtC6X/c8hEncgUU3tTXK.0;server=GENERAL0100000F;cloudType=Consumer;environment=Prod_EastAsia_000d;migrationStage=NotStarted}
{"logTime": "1203/063230", "correlationVector":"yRT0RzPt6D/9hDevJVGIIm","action":"Normal GetUpdate request", "result":"", "context":cV=yRT0RzPt6D/9hDevJVGIIm
Refresh requested types: Bookmarks, Preferences, Passwords, Autofill Profiles, Autofill, Typed URLs, Extensions, Sessions, Extension settings, History Delete Directives, Device Info, User Consents, Send Tab To Self, Web Apps, Collection, Edge E Drop, Edge Hub App Usage, Edge Tab Group, Edge Wallet, Encryption Keys}
{"logTime": "1203/063231", "correlationVector":"yRT0RzPt6D/9hDevJVGIIm.1","action":"SyncServerConnectionManagerRequest", "result":"SYNC_SERVER_OK", "context":{"environment":"Prod_EastAsia_000d", "migrationStage":"NotStarted", "server":"GENERAL0100001E"}}
{"logTime": "1203/063231", "correlationVector":"yRT0RzPt6D/9hDevJVGIIm.2","action":"GetUpdates Response", "result":"Success", "context":Received 3 update(s). cV=yRT0RzPt6D/9hDevJVGIIm.0;server=GENERAL0100001E;cloudType=Consumer;environment=Prod_EastAsia_000d;migrationStage=NotStarted}
{"logTime": "1203/064356", "correlationVector":"KRkjnk4i9Qj/PIow5c3Msh","action":"Commit Request", "result":"", "context":Item count: 1
Contributing types: Sessions}
{"logTime": "1203/064357", "correlationVector":"KRkjnk4i9Qj/PIow5c3Msh.1","action":"SyncServerConnectionManagerRequest", "result":"SYNC_SERVER_OK", "context":{"environment":"Prod_SoutheastAsia_000j", "migrationStage":"NotStarted", "server":"GENERAL0300001N"}}
{"logTime": "1203/064357", "correlationVector":"KRkjnk4i9Qj/PIow5c3Msh.2","action":"Commit Response", "result":"Success", "context":Result: Success. cV=KRkjnk4i9Qj/PIow5c3Msh.0;server=GENERAL0300001N;cloudType=Consumer;environment=Prod_SoutheastAsia_000j;migrationStage=NotStarted}
{"logTime": "1203/064552", "correlationVector":"OKTMtF667Mt/paNeQXmskh","action":"Commit Request", "result":"", "context":Item count: 3
Contributing types: Sessions}
{"logTime": "1203/064559", "correlationVector":"OKTMtF667Mt/paNeQXmskh.1","action":"SyncServerConnectionManagerRequest", "result":"SYNC_SERVER_OK", "context":{"environment":"Prod_EastAsia_000d", "migrationStage":"NotStarted", "server":"GENERAL0100002B"}}
{"logTime": "1203/064559", "correlationVector":"OKTMtF667Mt/paNeQXmskh.3","action":"Commit.Sessions", "result":"Success", "context":{"id":"a31e5910-ecfe-4e4a-b949-0dd4752cc75c", "isDeleted":"true", "size":"0", "version":"1733207421782"}}
{"logTime": "1203/064559", "correlationVector":"OKTMtF667Mt/paNeQXmskh.2","action":"Commit Response", "result":"Success", "context":Result: Success. cV=OKTMtF667Mt/paNeQXmskh.0;server=GENERAL0100002B;cloudType=Consumer;environment=Prod_EastAsia_000d;migrationStage=NotStarted}
{"logTime": "1203/070305", "correlationVector":"nAtFTXBJJOEJsM7E9r7qUF","action":"Commit Request", "result":"", "context":Item count: 1
Contributing types: Sessions}
{"logTime": "1203/070305", "correlationVector":"nAtFTXBJJOEJsM7E9r7qUF.0","action":"SyncServerConnectionManagerRequest", "result":"SYNC_SERVER_ERROR", "context":{"environment":"", "error_type":"http_status_code", "error_value":"429", "migrationStage":"", "server":""}}
{"logTime": "1203/070305", "correlationVector":"nAtFTXBJJOEJsM7E9r7qUF.1","action":"Commit Response", "result":"HTTP error (429)", "context":Result: HTTP error (429). }
